{"/home/travis/build/npmtest/node-npmtest-color-convert/test.js":{"path":"/home/travis/build/npmtest/node-npmtest-color-convert/test.js","s":{"1":2,"2":2,"3":2,"4":2,"5":2,"6":2,"7":2,"8":1,"9":2,"10":2,"11":1,"12":1,"13":1,"14":1,"15":2,"16":2,"17":2,"18":2,"19":1,"20":1,"21":2,"22":2,"23":2,"24":1,"25":1,"26":1,"27":1,"28":1,"29":1,"30":1,"31":1,"32":1,"33":1,"34":1,"35":1,"36":1,"37":1,"38":1,"39":2,"40":2,"41":1,"42":2,"43":2,"44":1,"45":2,"46":2,"47":1,"48":2,"49":2,"50":1,"51":1,"52":1,"53":1,"54":1},"b":{"1":[2,1,1,1],"2":[1,1,1,1],"3":[1,1],"4":[1,1],"5":[1,1],"6":[1,1],"7":[1,1],"8":[1,1],"9":[1,1],"10":[1,1,1],"11":[1,1],"12":[1,1],"13":[1,1],"14":[1,1],"15":[1,1],"16":[1,1],"17":[1,1]},"f":{"1":2,"2":2,"3":2,"4":2,"5":2,"6":1,"7":1,"8":1,"9":2,"10":2,"11":2,"12":2,"13":1},"fnMap":{"1":{"name":"(anonymous_1)","line":12,"loc":{"start":{"line":12,"column":1},"end":{"line":12,"column":13}}},"2":{"name":"(anonymous_2)","line":19,"loc":{"start":{"line":19,"column":5},"end":{"line":19,"column":17}}},"3":{"name":"(anonymous_3)","line":23,"loc":{"start":{"line":23,"column":24},"end":{"line":23,"column":36}}},"4":{"name":"(anonymous_4)","line":61,"loc":{"start":{"line":61,"column":5},"end":{"line":61,"column":17}}},"5":{"name":"(anonymous_5)","line":82,"loc":{"start":{"line":82,"column":5},"end":{"line":82,"column":17}}},"6":{"name":"(anonymous_6)","line":91,"loc":{"start":{"line":91,"column":77},"end":{"line":94,"column":10}}},"7":{"name":"(anonymous_7)","line":112,"loc":{"start":{"line":112,"column":83},"end":{"line":115,"column":10}},"skip":true},"8":{"name":"(anonymous_8)","line":123,"loc":{"start":{"line":123,"column":77},"end":{"line":126,"column":10}},"skip":true},"9":{"name":"(anonymous_9)","line":139,"loc":{"start":{"line":139,"column":12},"end":{"line":139,"column":40}},"skip":true},"10":{"name":"(anonymous_10)","line":147,"loc":{"start":{"line":147,"column":77},"end":{"line":150,"column":10}},"skip":true},"11":{"name":"(anonymous_11)","line":158,"loc":{"start":{"line":158,"column":83},"end":{"line":161,"column":10}},"skip":true},"12":{"name":"(anonymous_12)","line":169,"loc":{"start":{"line":169,"column":79},"end":{"line":172,"column":10}},"skip":true},"13":{"name":"(anonymous_13)","line":180,"loc":{"start":{"line":180,"column":75},"end":{"line":183,"column":10}},"skip":true}},"statementMap":{"1":{"start":{"line":12,"column":0},"end":{"line":195,"column":5}},"2":{"start":{"line":14,"column":4},"end":{"line":14,"column":14}},"3":{"start":{"line":19,"column":4},"end":{"line":56,"column":9}},"4":{"start":{"line":21,"column":8},"end":{"line":21,"column":19}},"5":{"start":{"line":23,"column":8},"end":{"line":35,"column":13}},"6":{"start":{"line":24,"column":12},"end":{"line":34,"column":13}},"7":{"start":{"line":25,"column":16},"end":{"line":28,"column":30}},"8":{"start":{"line":30,"column":16},"end":{"line":33,"column":27}},"9":{"start":{"line":37,"column":8},"end":{"line":39,"column":21}},"10":{"start":{"line":40,"column":8},"end":{"line":53,"column":9}},"11":{"start":{"line":43,"column":12},"end":{"line":46,"column":14}},"12":{"start":{"line":47,"column":12},"end":{"line":47,"column":18}},"13":{"start":{"line":50,"column":12},"end":{"line":51,"column":33}},"14":{"start":{"line":52,"column":12},"end":{"line":52,"column":18}},"15":{"start":{"line":55,"column":8},"end":{"line":55,"column":35}},"16":{"start":{"line":61,"column":4},"end":{"line":63,"column":9}},"17":{"start":{"line":62,"column":8},"end":{"line":62,"column":15}},"18":{"start":{"line":64,"column":4},"end":{"line":77,"column":5}},"19":{"start":{"line":70,"column":8},"end":{"line":70,"column":14}},"20":{"start":{"line":76,"column":8},"end":{"line":76,"column":14}},"21":{"start":{"line":82,"column":4},"end":{"line":84,"column":9}},"22":{"start":{"line":83,"column":8},"end":{"line":83,"column":15}},"23":{"start":{"line":85,"column":4},"end":{"line":194,"column":5}},"24":{"start":{"line":91,"column":8},"end":{"line":99,"column":10}},"25":{"start":{"line":98,"column":12},"end":{"line":98,"column":35}},"26":{"start":{"line":102,"column":8},"end":{"line":104,"column":63}},"27":{"start":{"line":105,"column":8},"end":{"line":105,"column":14}},"28":{"start":{"line":112,"column":8},"end":{"line":121,"column":10},"skip":true},"29":{"start":{"line":119,"column":12},"end":{"line":119,"column":55},"skip":true},"30":{"start":{"line":120,"column":12},"end":{"line":120,"column":48},"skip":true},"31":{"start":{"line":123,"column":8},"end":{"line":136,"column":10},"skip":true},"32":{"start":{"line":130,"column":12},"end":{"line":130,"column":76},"skip":true},"33":{"start":{"line":131,"column":12},"end":{"line":131,"column":73},"skip":true},"34":{"start":{"line":132,"column":12},"end":{"line":132,"column":74},"skip":true},"35":{"start":{"line":133,"column":12},"end":{"line":133,"column":79},"skip":true},"36":{"start":{"line":134,"column":12},"end":{"line":134,"column":25},"skip":true},"37":{"start":{"line":135,"column":12},"end":{"line":135,"column":45},"skip":true},"38":{"start":{"line":138,"column":8},"end":{"line":145,"column":14},"skip":true},"39":{"start":{"line":143,"column":16},"end":{"line":143,"column":29},"skip":true},"40":{"start":{"line":144,"column":16},"end":{"line":144,"column":55},"skip":true},"41":{"start":{"line":147,"column":8},"end":{"line":156,"column":10},"skip":true},"42":{"start":{"line":154,"column":12},"end":{"line":154,"column":25},"skip":true},"43":{"start":{"line":155,"column":12},"end":{"line":155,"column":45},"skip":true},"44":{"start":{"line":158,"column":8},"end":{"line":167,"column":10},"skip":true},"45":{"start":{"line":165,"column":12},"end":{"line":165,"column":25},"skip":true},"46":{"start":{"line":166,"column":12},"end":{"line":166,"column":48},"skip":true},"47":{"start":{"line":169,"column":8},"end":{"line":178,"column":10},"skip":true},"48":{"start":{"line":176,"column":12},"end":{"line":176,"column":25},"skip":true},"49":{"start":{"line":177,"column":12},"end":{"line":177,"column":46},"skip":true},"50":{"start":{"line":180,"column":8},"end":{"line":189,"column":10},"skip":true},"51":{"start":{"line":187,"column":12},"end":{"line":187,"column":94},"skip":true},"52":{"start":{"line":188,"column":12},"end":{"line":188,"column":48},"skip":true},"53":{"start":{"line":192,"column":8},"end":{"line":192,"column":35},"skip":true},"54":{"start":{"line":193,"column":8},"end":{"line":193,"column":14},"skip":true}},"branchMap":{"1":{"line":25,"type":"binary-expr","locations":[{"start":{"line":25,"column":23},"end":{"line":25,"column":62}},{"start":{"line":26,"column":20},"end":{"line":26,"column":70}},{"start":{"line":27,"column":20},"end":{"line":27,"column":71}},{"start":{"line":28,"column":20},"end":{"line":28,"column":29}}]},"2":{"line":30,"type":"binary-expr","locations":[{"start":{"line":30,"column":23},"end":{"line":30,"column":37}},{"start":{"line":31,"column":20},"end":{"line":31,"column":61}},{"start":{"line":32,"column":20},"end":{"line":32,"column":70}},{"start":{"line":33,"column":20},"end":{"line":33,"column":26}}]},"3":{"line":37,"type":"cond-expr","locations":[{"start":{"line":38,"column":14},"end":{"line":38,"column":20}},{"start":{"line":39,"column":14},"end":{"line":39,"column":20}}]},"4":{"line":40,"type":"switch","locations":[{"start":{"line":42,"column":8},"end":{"line":47,"column":18}},{"start":{"line":49,"column":8},"end":{"line":52,"column":18}}]},"5":{"line":44,"type":"binary-expr","locations":[{"start":{"line":44,"column":16},"end":{"line":44,"column":44}},{"start":{"line":44,"column":48},"end":{"line":44,"column":66}}]},"6":{"line":50,"type":"binary-expr","locations":[{"start":{"line":50,"column":21},"end":{"line":50,"column":49}},{"start":{"line":50,"column":53},"end":{"line":50,"column":72}}]},"7":{"line":64,"type":"switch","locations":[{"start":{"line":69,"column":4},"end":{"line":70,"column":14}},{"start":{"line":75,"column":4},"end":{"line":76,"column":14}}]},"8":{"line":85,"type":"switch","locations":[{"start":{"line":90,"column":4},"end":{"line":105,"column":14}},{"start":{"line":111,"column":4},"end":{"line":193,"column":14},"skip":true}]},"9":{"line":91,"type":"binary-expr","locations":[{"start":{"line":91,"column":42},"end":{"line":91,"column":73}},{"start":{"line":91,"column":77},"end":{"line":99,"column":9}}]},"10":{"line":102,"type":"binary-expr","locations":[{"start":{"line":102,"column":18},"end":{"line":102,"column":32}},{"start":{"line":103,"column":12},"end":{"line":103,"column":53}},{"start":{"line":104,"column":12},"end":{"line":104,"column":61}}]},"11":{"line":112,"type":"binary-expr","locations":[{"start":{"line":112,"column":45},"end":{"line":112,"column":79},"skip":true},{"start":{"line":112,"column":83},"end":{"line":121,"column":9},"skip":true}]},"12":{"line":123,"type":"binary-expr","locations":[{"start":{"line":123,"column":42},"end":{"line":123,"column":73},"skip":true},{"start":{"line":123,"column":77},"end":{"line":136,"column":9},"skip":true}]},"13":{"line":138,"type":"binary-expr","locations":[{"start":{"line":138,"column":48},"end":{"line":138,"column":85},"skip":true},{"start":{"line":139,"column":12},"end":{"line":145,"column":13},"skip":true}]},"14":{"line":147,"type":"binary-expr","locations":[{"start":{"line":147,"column":42},"end":{"line":147,"column":73},"skip":true},{"start":{"line":147,"column":77},"end":{"line":156,"column":9},"skip":true}]},"15":{"line":158,"type":"binary-expr","locations":[{"start":{"line":158,"column":45},"end":{"line":158,"column":79},"skip":true},{"start":{"line":158,"column":83},"end":{"line":167,"column":9},"skip":true}]},"16":{"line":169,"type":"binary-expr","locations":[{"start":{"line":169,"column":43},"end":{"line":169,"column":75},"skip":true},{"start":{"line":169,"column":79},"end":{"line":178,"column":9},"skip":true}]},"17":{"line":180,"type":"binary-expr","locations":[{"start":{"line":180,"column":41},"end":{"line":180,"column":71},"skip":true},{"start":{"line":180,"column":75},"end":{"line":189,"column":9},"skip":true}]}},"code":["/* istanbul instrument in package npmtest_color_convert */","/*jslint","    bitwise: true,","    browser: true,","    maxerr: 8,","    maxlen: 96,","    node: true,","    nomen: true,","    regexp: true,","    stupid: true","*/","(function () {","    'use strict';","    var local;","","","","    // run shared js-env code - pre-init","    (function () {","        // init local","        local = {};","        // init modeJs","        local.modeJs = (function () {","            try {","                return typeof navigator.userAgent === 'string' &&","                    typeof document.querySelector('body') === 'object' &&","                    typeof XMLHttpRequest.prototype.open === 'function' &&","                    'browser';","            } catch (errorCaughtBrowser) {","                return module.exports &&","                    typeof process.versions.node === 'string' &&","                    typeof require('http').createServer === 'function' &&","                    'node';","            }","        }());","        // init global","        local.global = local.modeJs === 'browser'","            ? window","            : global;","        switch (local.modeJs) {","        // re-init local from window.local","        case 'browser':","            local = local.global.utility2.objectSetDefault(","                local.global.utility2_rollup || local.global.local,","                local.global.utility2","            );","            break;","        // re-init local from example.js","        case 'node':","            local = (local.global.utility2_rollup || require('utility2'))","                .requireReadme();","            break;","        }","        // export local","        local.global.local = local;","    }());","","","","    // run shared js-env code - function","    (function () {","        return;","    }());","    switch (local.modeJs) {","","","","    // run browser js-env code - function","    case 'browser':","        break;","","","","    // run node js-env code - function","    case 'node':","        break;","    }","","","","    // run shared js-env code - post-init","    (function () {","        return;","    }());","    switch (local.modeJs) {","","","","    // run browser js-env code - post-init","    case 'browser':","        local.testCase_browser_nullCase = local.testCase_browser_nullCase || function (","            options,","            onError","        ) {","        /*","         * this function will test browsers's null-case handling-behavior-behavior","         */","            onError(null, options);","        };","","        // run tests","        local.nop(local.modeTest &&","            document.querySelector('#testRunButton1') &&","            document.querySelector('#testRunButton1').click());","        break;","","","","    // run node js-env code - post-init","    /* istanbul ignore next */","    case 'node':","        local.testCase_buildApidoc_default = local.testCase_buildApidoc_default || function (","            options,","            onError","        ) {","        /*","         * this function will test buildApidoc's default handling-behavior-behavior","         */","            options = { modulePathList: module.paths };","            local.buildApidoc(options, onError);","        };","","        local.testCase_buildApp_default = local.testCase_buildApp_default || function (","            options,","            onError","        ) {","        /*","         * this function will test buildApp's default handling-behavior-behavior","         */","            local.testCase_buildReadme_default(options, local.onErrorThrow);","            local.testCase_buildLib_default(options, local.onErrorThrow);","            local.testCase_buildTest_default(options, local.onErrorThrow);","            local.testCase_buildCustomOrg_default(options, local.onErrorThrow);","            options = [];","            local.buildApp(options, onError);","        };","","        local.testCase_buildCustomOrg_default = local.testCase_buildCustomOrg_default ||","            function (options, onError) {","            /*","             * this function will test buildCustomOrg's default handling-behavior","             */","                options = {};","                local.buildCustomOrg(options, onError);","            };","","        local.testCase_buildLib_default = local.testCase_buildLib_default || function (","            options,","            onError","        ) {","        /*","         * this function will test buildLib's default handling-behavior","         */","            options = {};","            local.buildLib(options, onError);","        };","","        local.testCase_buildReadme_default = local.testCase_buildReadme_default || function (","            options,","            onError","        ) {","        /*","         * this function will test buildReadme's default handling-behavior-behavior","         */","            options = {};","            local.buildReadme(options, onError);","        };","","        local.testCase_buildTest_default = local.testCase_buildTest_default || function (","            options,","            onError","        ) {","        /*","         * this function will test buildTest's default handling-behavior","         */","            options = {};","            local.buildTest(options, onError);","        };","","        local.testCase_webpage_default = local.testCase_webpage_default || function (","            options,","            onError","        ) {","        /*","         * this function will test webpage's default handling-behavior","         */","            options = { modeCoverageMerge: true, url: local.serverLocalHost + '?modeTest=1' };","            local.browserTest(options, onError);","        };","","        // run test-server","        local.testRunServer(local);","        break;","    }","}());",""],"l":{"12":2,"14":2,"19":2,"21":2,"23":2,"24":2,"25":2,"30":1,"37":2,"40":2,"43":1,"47":1,"50":1,"52":1,"55":2,"61":2,"62":2,"64":2,"70":1,"76":1,"82":2,"83":2,"85":2,"91":1,"98":1,"102":1,"105":1,"112":1,"119":1,"120":1,"123":1,"130":1,"131":1,"132":1,"133":1,"134":1,"135":1,"138":1,"143":2,"144":2,"147":1,"154":2,"155":2,"158":1,"165":2,"166":2,"169":1,"176":2,"177":2,"180":1,"187":1,"188":1,"192":1,"193":1}},"/home/travis/build/npmtest/node-npmtest-color-convert/lib.npmtest_color_convert.js":{"path":"/home/travis/build/npmtest/node-npmtest-color-convert/lib.npmtest_color_convert.js","s":{"1":2,"2":2,"3":2,"4":2,"5":2,"6":2,"7":2,"8":1,"9":2,"10":2,"11":2,"12":2,"13":1,"14":1,"15":1,"16":1},"b":{"1":[2,1,1,1],"2":[1,1,1,1],"3":[1,1],"4":[2,2],"5":[1,1]},"f":{"1":2,"2":2,"3":2},"fnMap":{"1":{"name":"(anonymous_1)","line":12,"loc":{"start":{"line":12,"column":1},"end":{"line":12,"column":13}}},"2":{"name":"(anonymous_2)","line":19,"loc":{"start":{"line":19,"column":5},"end":{"line":19,"column":17}}},"3":{"name":"(anonymous_3)","line":23,"loc":{"start":{"line":23,"column":24},"end":{"line":23,"column":36}}}},"statementMap":{"1":{"start":{"line":12,"column":0},"end":{"line":53,"column":5}},"2":{"start":{"line":14,"column":4},"end":{"line":14,"column":14}},"3":{"start":{"line":19,"column":4},"end":{"line":52,"column":9}},"4":{"start":{"line":21,"column":8},"end":{"line":21,"column":19}},"5":{"start":{"line":23,"column":8},"end":{"line":35,"column":13}},"6":{"start":{"line":24,"column":12},"end":{"line":34,"column":13}},"7":{"start":{"line":25,"column":16},"end":{"line":28,"column":30}},"8":{"start":{"line":30,"column":16},"end":{"line":33,"column":27}},"9":{"start":{"line":37,"column":8},"end":{"line":39,"column":21}},"10":{"start":{"line":41,"column":8},"end":{"line":41,"column":54}},"11":{"start":{"line":43,"column":8},"end":{"line":43,"column":58}},"12":{"start":{"line":45,"column":8},"end":{"line":51,"column":9}},"13":{"start":{"line":46,"column":12},"end":{"line":46,"column":64}},"14":{"start":{"line":48,"column":12},"end":{"line":48,"column":35}},"15":{"start":{"line":49,"column":12},"end":{"line":49,"column":49}},"16":{"start":{"line":50,"column":12},"end":{"line":50,"column":43}}},"branchMap":{"1":{"line":25,"type":"binary-expr","locations":[{"start":{"line":25,"column":23},"end":{"line":25,"column":62}},{"start":{"line":26,"column":20},"end":{"line":26,"column":70}},{"start":{"line":27,"column":20},"end":{"line":27,"column":71}},{"start":{"line":28,"column":20},"end":{"line":28,"column":29}}]},"2":{"line":30,"type":"binary-expr","locations":[{"start":{"line":30,"column":23},"end":{"line":30,"column":37}},{"start":{"line":31,"column":20},"end":{"line":31,"column":61}},{"start":{"line":32,"column":20},"end":{"line":32,"column":70}},{"start":{"line":33,"column":20},"end":{"line":33,"column":26}}]},"3":{"line":37,"type":"cond-expr","locations":[{"start":{"line":38,"column":14},"end":{"line":38,"column":20}},{"start":{"line":39,"column":14},"end":{"line":39,"column":20}}]},"4":{"line":41,"type":"binary-expr","locations":[{"start":{"line":41,"column":16},"end":{"line":41,"column":44}},{"start":{"line":41,"column":48},"end":{"line":41,"column":53}}]},"5":{"line":45,"type":"if","locations":[{"start":{"line":45,"column":8},"end":{"line":45,"column":8}},{"start":{"line":45,"column":8},"end":{"line":45,"column":8}}]}},"code":["/* istanbul instrument in package npmtest_color_convert */","/*jslint","    bitwise: true,","    browser: true,","    maxerr: 8,","    maxlen: 96,","    node: true,","    nomen: true,","    regexp: true,","    stupid: true","*/","(function () {","    'use strict';","    var local;","","","","    // run shared js-env code - pre-init","    (function () {","        // init local","        local = {};","        // init modeJs","        local.modeJs = (function () {","            try {","                return typeof navigator.userAgent === 'string' &&","                    typeof document.querySelector('body') === 'object' &&","                    typeof XMLHttpRequest.prototype.open === 'function' &&","                    'browser';","            } catch (errorCaughtBrowser) {","                return module.exports &&","                    typeof process.versions.node === 'string' &&","                    typeof require('http').createServer === 'function' &&","                    'node';","            }","        }());","        // init global","        local.global = local.modeJs === 'browser'","            ? window","            : global;","        // init utility2_rollup","        local = local.global.utility2_rollup || local;","        // init lib","        local.local = local.npmtest_color_convert = local;","        // init exports","        if (local.modeJs === 'browser') {","            local.global.utility2_npmtest_color_convert = local;","        } else {","            module.exports = local;","            module.exports.__dirname = __dirname;","            module.exports.module = module;","        }","    }());","}());",""],"l":{"12":2,"14":2,"19":2,"21":2,"23":2,"24":2,"25":2,"30":1,"37":2,"41":2,"43":2,"45":2,"46":1,"48":1,"49":1,"50":1}},"/home/travis/build/npmtest/node-npmtest-color-convert/example.js":{"path":"/home/travis/build/npmtest/node-npmtest-color-convert/example.js","s":{"1":2,"2":2,"3":2,"4":2,"5":2,"6":2,"7":2,"8":1,"9":2,"10":2,"11":2,"12":2,"13":1,"14":2,"15":2,"16":2,"17":2,"18":2,"19":0,"20":2,"21":1,"22":1,"23":1,"24":1,"25":1,"26":0,"27":0,"28":1,"29":1,"30":2,"31":0,"32":0,"33":0,"34":1,"35":2,"36":2,"37":3,"38":3,"39":3,"40":3,"41":0,"42":3,"43":3,"44":3,"45":1,"46":3,"47":1,"48":1,"49":1,"50":1,"51":1,"52":1,"53":1,"54":1,"55":1,"56":1,"57":0,"58":1,"59":6,"60":6,"61":1,"62":2,"63":0,"64":2,"65":1,"66":1,"67":0,"68":0,"69":0,"70":0,"71":0,"72":0,"73":0,"74":0,"75":0,"76":0,"77":0,"78":0,"79":0,"80":0,"81":0,"82":0,"83":0},"b":{"1":[2,1,1,1],"2":[1,1,1,1],"3":[1,1],"4":[2,2],"5":[1,1],"6":[1,1],"7":[2,0],"8":[2,1,1,1,1,1],"9":[0,2,0],"10":[1,1],"11":[2,1,1],"12":[1,0],"13":[0,2],"14":[2,0,0,0,0,0,0],"15":[0,3],"16":[3,0],"17":[1,1],"18":[0,1],"19":[1,2,0,2],"20":[1,0],"21":[1,1],"22":[0,0],"23":[0,0],"24":[0,0],"25":[0,0],"26":[0,0],"27":[0,0],"28":[0,0]},"f":{"1":2,"2":2,"3":2,"4":2,"5":2,"6":2,"7":3,"8":3,"9":3,"10":1,"11":6,"12":0},"fnMap":{"1":{"name":"(anonymous_1)","line":26,"loc":{"start":{"line":26,"column":1},"end":{"line":26,"column":13}}},"2":{"name":"(anonymous_2)","line":33,"loc":{"start":{"line":33,"column":5},"end":{"line":33,"column":17}}},"3":{"name":"(anonymous_3)","line":37,"loc":{"start":{"line":37,"column":24},"end":{"line":37,"column":36}}},"4":{"name":"(anonymous_4)","line":69,"loc":{"start":{"line":69,"column":31},"end":{"line":69,"column":48}},"skip":true},"5":{"name":"(anonymous_5)","line":78,"loc":{"start":{"line":78,"column":26},"end":{"line":78,"column":45}},"skip":true},"6":{"name":"(anonymous_6)","line":123,"loc":{"start":{"line":123,"column":33},"end":{"line":123,"column":48}},"skip":true},"7":{"name":"(anonymous_7)","line":125,"loc":{"start":{"line":125,"column":27},"end":{"line":125,"column":39}},"skip":true},"8":{"name":"(anonymous_8)","line":133,"loc":{"start":{"line":133,"column":59},"end":{"line":133,"column":74}},"skip":true},"9":{"name":"(anonymous_9)","line":143,"loc":{"start":{"line":143,"column":45},"end":{"line":143,"column":62}},"skip":true},"10":{"name":"(anonymous_10)","line":144,"loc":{"start":{"line":144,"column":73},"end":{"line":144,"column":92}},"skip":true},"11":{"name":"(anonymous_11)","line":272,"loc":{"start":{"line":272,"column":51},"end":{"line":272,"column":77}},"skip":true},"12":{"name":"(anonymous_12)","line":315,"loc":{"start":{"line":315,"column":32},"end":{"line":315,"column":61}},"skip":true}},"statementMap":{"1":{"start":{"line":26,"column":0},"end":{"line":326,"column":5}},"2":{"start":{"line":28,"column":4},"end":{"line":28,"column":14}},"3":{"start":{"line":33,"column":4},"end":{"line":60,"column":9}},"4":{"start":{"line":35,"column":8},"end":{"line":35,"column":19}},"5":{"start":{"line":37,"column":8},"end":{"line":49,"column":13}},"6":{"start":{"line":38,"column":12},"end":{"line":48,"column":13}},"7":{"start":{"line":39,"column":16},"end":{"line":42,"column":30}},"8":{"start":{"line":44,"column":16},"end":{"line":47,"column":27}},"9":{"start":{"line":51,"column":8},"end":{"line":53,"column":21}},"10":{"start":{"line":55,"column":8},"end":{"line":57,"column":45}},"11":{"start":{"line":59,"column":8},"end":{"line":59,"column":35}},"12":{"start":{"line":61,"column":4},"end":{"line":325,"column":5}},"13":{"start":{"line":69,"column":8},"end":{"line":121,"column":10},"skip":true},"14":{"start":{"line":70,"column":12},"end":{"line":88,"column":13},"skip":true},"15":{"start":{"line":76,"column":16},"end":{"line":87,"column":19},"skip":true},"16":{"start":{"line":79,"column":20},"end":{"line":86,"column":21},"skip":true},"17":{"start":{"line":82,"column":24},"end":{"line":82,"column":43},"skip":true},"18":{"start":{"line":83,"column":24},"end":{"line":83,"column":30},"skip":true},"19":{"start":{"line":85,"column":24},"end":{"line":85,"column":49},"skip":true},"20":{"start":{"line":89,"column":12},"end":{"line":107,"column":13},"skip":true},"21":{"start":{"line":92,"column":16},"end":{"line":102,"column":17},"skip":true},"22":{"start":{"line":93,"column":20},"end":{"line":93,"column":86},"skip":true},"23":{"start":{"line":94,"column":20},"end":{"line":95,"column":45},"skip":true},"24":{"start":{"line":96,"column":20},"end":{"line":96,"column":42},"skip":true},"25":{"start":{"line":97,"column":20},"end":{"line":97,"column":48},"skip":true},"26":{"start":{"line":100,"column":20},"end":{"line":100,"column":85},"skip":true},"27":{"start":{"line":101,"column":20},"end":{"line":101,"column":96},"skip":true},"28":{"start":{"line":103,"column":16},"end":{"line":103,"column":22},"skip":true},"29":{"start":{"line":106,"column":16},"end":{"line":106,"column":22},"skip":true},"30":{"start":{"line":108,"column":12},"end":{"line":120,"column":13},"skip":true},"31":{"start":{"line":114,"column":16},"end":{"line":119,"column":17},"skip":true},"32":{"start":{"line":116,"column":20},"end":{"line":116,"column":78},"skip":true},"33":{"start":{"line":118,"column":20},"end":{"line":118,"column":47},"skip":true},"34":{"start":{"line":123,"column":8},"end":{"line":141,"column":11},"skip":true},"35":{"start":{"line":124,"column":12},"end":{"line":124,"column":54},"skip":true},"36":{"start":{"line":125,"column":12},"end":{"line":140,"column":14},"skip":true},"37":{"start":{"line":126,"column":16},"end":{"line":126,"column":28},"skip":true},"38":{"start":{"line":127,"column":16},"end":{"line":127,"column":69},"skip":true},"39":{"start":{"line":128,"column":16},"end":{"line":128,"column":75},"skip":true},"40":{"start":{"line":129,"column":16},"end":{"line":131,"column":17},"skip":true},"41":{"start":{"line":130,"column":20},"end":{"line":130,"column":27},"skip":true},"42":{"start":{"line":133,"column":16},"end":{"line":137,"column":36},"skip":true},"43":{"start":{"line":134,"column":20},"end":{"line":136,"column":55},"skip":true},"44":{"start":{"line":139,"column":16},"end":{"line":139,"column":57},"skip":true},"45":{"start":{"line":143,"column":8},"end":{"line":147,"column":11},"skip":true},"46":{"start":{"line":144,"column":12},"end":{"line":146,"column":15},"skip":true},"47":{"start":{"line":145,"column":16},"end":{"line":145,"column":70},"skip":true},"48":{"start":{"line":149,"column":8},"end":{"line":149,"column":31},"skip":true},"49":{"start":{"line":150,"column":8},"end":{"line":150,"column":14},"skip":true},"50":{"start":{"line":158,"column":8},"end":{"line":158,"column":31},"skip":true},"51":{"start":{"line":160,"column":8},"end":{"line":160,"column":33},"skip":true},"52":{"start":{"line":161,"column":8},"end":{"line":161,"column":37},"skip":true},"53":{"start":{"line":162,"column":8},"end":{"line":162,"column":35},"skip":true},"54":{"start":{"line":164,"column":8},"end":{"line":164,"column":50},"skip":true},"55":{"start":{"line":166,"column":8},"end":{"line":256,"column":2},"skip":true},"56":{"start":{"line":258,"column":8},"end":{"line":286,"column":9},"skip":true},"57":{"start":{"line":259,"column":12},"end":{"line":269,"column":14},"skip":true},"58":{"start":{"line":271,"column":12},"end":{"line":285,"column":19},"skip":true},"59":{"start":{"line":274,"column":20},"end":{"line":274,"column":35},"skip":true},"60":{"start":{"line":275,"column":20},"end":{"line":284,"column":21},"skip":true},"61":{"start":{"line":277,"column":24},"end":{"line":277,"column":64},"skip":true},"62":{"start":{"line":279,"column":24},"end":{"line":279,"column":40},"skip":true},"63":{"start":{"line":281,"column":24},"end":{"line":281,"column":40},"skip":true},"64":{"start":{"line":283,"column":24},"end":{"line":283,"column":39},"skip":true},"65":{"start":{"line":288,"column":8},"end":{"line":290,"column":9},"skip":true},"66":{"start":{"line":289,"column":12},"end":{"line":289,"column":18},"skip":true},"67":{"start":{"line":291,"column":8},"end":{"line":293,"column":54},"skip":true},"68":{"start":{"line":296,"column":8},"end":{"line":301,"column":37},"skip":true},"69":{"start":{"line":303,"column":8},"end":{"line":303,"column":82},"skip":true},"70":{"start":{"line":306,"column":8},"end":{"line":308,"column":9},"skip":true},"71":{"start":{"line":307,"column":12},"end":{"line":307,"column":82},"skip":true},"72":{"start":{"line":310,"column":8},"end":{"line":312,"column":9},"skip":true},"73":{"start":{"line":311,"column":12},"end":{"line":311,"column":18},"skip":true},"74":{"start":{"line":313,"column":8},"end":{"line":313,"column":54},"skip":true},"75":{"start":{"line":314,"column":8},"end":{"line":314,"column":69},"skip":true},"76":{"start":{"line":315,"column":8},"end":{"line":323,"column":36},"skip":true},"77":{"start":{"line":316,"column":12},"end":{"line":316,"column":61},"skip":true},"78":{"start":{"line":317,"column":12},"end":{"line":320,"column":13},"skip":true},"79":{"start":{"line":318,"column":16},"end":{"line":318,"column":75},"skip":true},"80":{"start":{"line":319,"column":16},"end":{"line":319,"column":23},"skip":true},"81":{"start":{"line":321,"column":12},"end":{"line":321,"column":38},"skip":true},"82":{"start":{"line":322,"column":12},"end":{"line":322,"column":27},"skip":true},"83":{"start":{"line":324,"column":8},"end":{"line":324,"column":14},"skip":true}},"branchMap":{"1":{"line":39,"type":"binary-expr","locations":[{"start":{"line":39,"column":23},"end":{"line":39,"column":62}},{"start":{"line":40,"column":20},"end":{"line":40,"column":70}},{"start":{"line":41,"column":20},"end":{"line":41,"column":71}},{"start":{"line":42,"column":20},"end":{"line":42,"column":29}}]},"2":{"line":44,"type":"binary-expr","locations":[{"start":{"line":44,"column":23},"end":{"line":44,"column":37}},{"start":{"line":45,"column":20},"end":{"line":45,"column":61}},{"start":{"line":46,"column":20},"end":{"line":46,"column":70}},{"start":{"line":47,"column":20},"end":{"line":47,"column":26}}]},"3":{"line":51,"type":"cond-expr","locations":[{"start":{"line":52,"column":14},"end":{"line":52,"column":20}},{"start":{"line":53,"column":14},"end":{"line":53,"column":20}}]},"4":{"line":55,"type":"binary-expr","locations":[{"start":{"line":55,"column":16},"end":{"line":55,"column":44}},{"start":{"line":55,"column":49},"end":{"line":57,"column":43}}]},"5":{"line":55,"type":"cond-expr","locations":[{"start":{"line":56,"column":14},"end":{"line":56,"column":57}},{"start":{"line":57,"column":14},"end":{"line":57,"column":43}}]},"6":{"line":61,"type":"switch","locations":[{"start":{"line":68,"column":4},"end":{"line":150,"column":14},"skip":true},{"start":{"line":156,"column":4},"end":{"line":324,"column":14},"skip":true}]},"7":{"line":70,"type":"if","locations":[{"start":{"line":70,"column":12},"end":{"line":70,"column":12},"skip":true},{"start":{"line":70,"column":12},"end":{"line":70,"column":12},"skip":true}]},"8":{"line":70,"type":"binary-expr","locations":[{"start":{"line":70,"column":16},"end":{"line":70,"column":22},"skip":true},{"start":{"line":70,"column":27},"end":{"line":70,"column":32},"skip":true},{"start":{"line":71,"column":20},"end":{"line":71,"column":39},"skip":true},{"start":{"line":72,"column":20},"end":{"line":72,"column":49},"skip":true},{"start":{"line":73,"column":20},"end":{"line":73,"column":58},"skip":true},{"start":{"line":74,"column":20},"end":{"line":74,"column":69},"skip":true}]},"9":{"line":79,"type":"switch","locations":[{"start":{"line":80,"column":20},"end":{"line":80,"column":33},"skip":true},{"start":{"line":81,"column":20},"end":{"line":83,"column":30},"skip":true},{"start":{"line":84,"column":20},"end":{"line":85,"column":49},"skip":true}]},"10":{"line":89,"type":"switch","locations":[{"start":{"line":90,"column":12},"end":{"line":103,"column":22},"skip":true},{"start":{"line":105,"column":12},"end":{"line":106,"column":22},"skip":true}]},"11":{"line":89,"type":"binary-expr","locations":[{"start":{"line":89,"column":20},"end":{"line":89,"column":25},"skip":true},{"start":{"line":89,"column":29},"end":{"line":89,"column":48},"skip":true},{"start":{"line":89,"column":52},"end":{"line":89,"column":74},"skip":true}]},"12":{"line":92,"type":"if","locations":[{"start":{"line":92,"column":16},"end":{"line":92,"column":16},"skip":true},{"start":{"line":92,"column":16},"end":{"line":92,"column":16},"skip":true}]},"13":{"line":108,"type":"if","locations":[{"start":{"line":108,"column":12},"end":{"line":108,"column":12},"skip":true},{"start":{"line":108,"column":12},"end":{"line":108,"column":12},"skip":true}]},"14":{"line":108,"type":"binary-expr","locations":[{"start":{"line":108,"column":16},"end":{"line":108,"column":61},"skip":true},{"start":{"line":108,"column":66},"end":{"line":108,"column":72},"skip":true},{"start":{"line":108,"column":77},"end":{"line":108,"column":82},"skip":true},{"start":{"line":109,"column":20},"end":{"line":109,"column":39},"skip":true},{"start":{"line":110,"column":20},"end":{"line":110,"column":49},"skip":true},{"start":{"line":111,"column":20},"end":{"line":111,"column":58},"skip":true},{"start":{"line":112,"column":20},"end":{"line":112,"column":68},"skip":true}]},"15":{"line":129,"type":"if","locations":[{"start":{"line":129,"column":16},"end":{"line":129,"column":16},"skip":true},{"start":{"line":129,"column":16},"end":{"line":129,"column":16},"skip":true}]},"16":{"line":134,"type":"cond-expr","locations":[{"start":{"line":135,"column":26},"end":{"line":135,"column":29},"skip":true},{"start":{"line":136,"column":26},"end":{"line":136,"column":54},"skip":true}]},"17":{"line":164,"type":"binary-expr","locations":[{"start":{"line":164,"column":27},"end":{"line":164,"column":43},"skip":true},{"start":{"line":164,"column":47},"end":{"line":164,"column":49},"skip":true}]},"18":{"line":258,"type":"if","locations":[{"start":{"line":258,"column":8},"end":{"line":258,"column":8},"skip":true},{"start":{"line":258,"column":8},"end":{"line":258,"column":8},"skip":true}]},"19":{"line":275,"type":"switch","locations":[{"start":{"line":276,"column":20},"end":{"line":277,"column":64},"skip":true},{"start":{"line":278,"column":20},"end":{"line":279,"column":40},"skip":true},{"start":{"line":280,"column":20},"end":{"line":281,"column":40},"skip":true},{"start":{"line":282,"column":20},"end":{"line":283,"column":39},"skip":true}]},"20":{"line":288,"type":"if","locations":[{"start":{"line":288,"column":8},"end":{"line":288,"column":8},"skip":true},{"start":{"line":288,"column":8},"end":{"line":288,"column":8},"skip":true}]},"21":{"line":288,"type":"binary-expr","locations":[{"start":{"line":288,"column":12},"end":{"line":288,"column":40},"skip":true},{"start":{"line":288,"column":44},"end":{"line":288,"column":67},"skip":true}]},"22":{"line":292,"type":"binary-expr","locations":[{"start":{"line":292,"column":12},"end":{"line":292,"column":50},"skip":true},{"start":{"line":293,"column":12},"end":{"line":293,"column":53},"skip":true}]},"23":{"line":297,"type":"binary-expr","locations":[{"start":{"line":297,"column":12},"end":{"line":297,"column":71},"skip":true},{"start":{"line":298,"column":12},"end":{"line":301,"column":36},"skip":true}]},"24":{"line":303,"type":"binary-expr","locations":[{"start":{"line":303,"column":43},"end":{"line":303,"column":75},"skip":true},{"start":{"line":303,"column":79},"end":{"line":303,"column":81},"skip":true}]},"25":{"line":306,"type":"if","locations":[{"start":{"line":306,"column":8},"end":{"line":306,"column":8},"skip":true},{"start":{"line":306,"column":8},"end":{"line":306,"column":8},"skip":true}]},"26":{"line":310,"type":"if","locations":[{"start":{"line":310,"column":8},"end":{"line":310,"column":8},"skip":true},{"start":{"line":310,"column":8},"end":{"line":310,"column":8},"skip":true}]},"27":{"line":313,"type":"binary-expr","locations":[{"start":{"line":313,"column":27},"end":{"line":313,"column":43},"skip":true},{"start":{"line":313,"column":47},"end":{"line":313,"column":53},"skip":true}]},"28":{"line":317,"type":"if","locations":[{"start":{"line":317,"column":12},"end":{"line":317,"column":12},"skip":true},{"start":{"line":317,"column":12},"end":{"line":317,"column":12},"skip":true}]}},"code":["/*","example.js","","quickstart example","","instruction","    1. save this script as example.js","    2. run the shell command:","        $ npm install npmtest-color-convert && PORT=8081 node example.js","    3. play with the browser-demo on http://127.0.0.1:8081","*/","","","","/* istanbul instrument in package npmtest_color_convert */","/*jslint","    bitwise: true,","    browser: true,","    maxerr: 8,","    maxlen: 96,","    node: true,","    nomen: true,","    regexp: true,","    stupid: true","*/","(function () {","    'use strict';","    var local;","","","","    // run shared js-env code - pre-init","    (function () {","        // init local","        local = {};","        // init modeJs","        local.modeJs = (function () {","            try {","                return typeof navigator.userAgent === 'string' &&","                    typeof document.querySelector('body') === 'object' &&","                    typeof XMLHttpRequest.prototype.open === 'function' &&","                    'browser';","            } catch (errorCaughtBrowser) {","                return module.exports &&","                    typeof process.versions.node === 'string' &&","                    typeof require('http').createServer === 'function' &&","                    'node';","            }","        }());","        // init global","        local.global = local.modeJs === 'browser'","            ? window","            : global;","        // init utility2_rollup","        local = local.global.utility2_rollup || (local.modeJs === 'browser'","            ? local.global.utility2_npmtest_color_convert","            : global.utility2_moduleExports);","        // export local","        local.global.local = local;","    }());","    switch (local.modeJs) {","","","","    // post-init","    // run browser js-env code - post-init","    /* istanbul ignore next */","    case 'browser':","        local.testRunBrowser = function (event) {","            if (!event || (event &&","                    event.currentTarget &&","                    event.currentTarget.className &&","                    event.currentTarget.className.includes &&","                    event.currentTarget.className.includes('onreset'))) {","                // reset output","                Array.from(","                    document.querySelectorAll('body > .resettable')","                ).forEach(function (element) {","                    switch (element.tagName) {","                    case 'INPUT':","                    case 'TEXTAREA':","                        element.value = '';","                        break;","                    default:","                        element.textContent = '';","                    }","                });","            }","            switch (event && event.currentTarget && event.currentTarget.id) {","            case 'testRunButton1':","                // show tests","                if (document.querySelector('#testReportDiv1').style.display === 'none') {","                    document.querySelector('#testReportDiv1').style.display = 'block';","                    document.querySelector('#testRunButton1').textContent =","                        'hide internal test';","                    local.modeTest = true;","                    local.testRunDefault(local);","                // hide tests","                } else {","                    document.querySelector('#testReportDiv1').style.display = 'none';","                    document.querySelector('#testRunButton1').textContent = 'run internal test';","                }","                break;","            // custom-case","            default:","                break;","            }","            if (document.querySelector('#inputTextareaEval1') && (!event || (event &&","                    event.currentTarget &&","                    event.currentTarget.className &&","                    event.currentTarget.className.includes &&","                    event.currentTarget.className.includes('oneval')))) {","                // try to eval input-code","                try {","                    /*jslint evil: true*/","                    eval(document.querySelector('#inputTextareaEval1').value);","                } catch (errorCaught) {","                    console.error(errorCaught);","                }","            }","        };","        // log stderr and stdout to #outputTextareaStdout1","        ['error', 'log'].forEach(function (key) {","            console[key + '_original'] = console[key];","            console[key] = function () {","                var element;","                console[key + '_original'].apply(console, arguments);","                element = document.querySelector('#outputTextareaStdout1');","                if (!element) {","                    return;","                }","                // append text to #outputTextareaStdout1","                element.value += Array.from(arguments).map(function (arg) {","                    return typeof arg === 'string'","                        ? arg","                        : JSON.stringify(arg, null, 4);","                }).join(' ') + '\\n';","                // scroll textarea to bottom","                element.scrollTop = element.scrollHeight;","            };","        });","        // init event-handling","        ['change', 'click', 'keyup'].forEach(function (event) {","            Array.from(document.querySelectorAll('.on' + event)).forEach(function (element) {","                element.addEventListener(event, local.testRunBrowser);","            });","        });","        // run tests","        local.testRunBrowser();","        break;","","","","    // run node js-env code - post-init","    /* istanbul ignore next */","    case 'node':","        // export local","        module.exports = local;","        // require modules","        local.fs = require('fs');","        local.http = require('http');","        local.url = require('url');","        // init assets","        local.assetsDict = local.assetsDict || {};","        /* jslint-ignore-begin */","        local.assetsDict['/assets.index.template.html'] = '\\","<!doctype html>\\n\\","<html lang=\"en\">\\n\\","<head>\\n\\","<meta charset=\"UTF-8\">\\n\\","<meta name=\"viewport\" content=\"width=device-width, initial-scale=1\">\\n\\","<title>{{env.npm_package_name}} (v{{env.npm_package_version}})</title>\\n\\","<style>\\n\\","/*csslint\\n\\","    box-sizing: false,\\n\\","    universal-selector: false\\n\\","*/\\n\\","* {\\n\\","    box-sizing: border-box;\\n\\","}\\n\\","body {\\n\\","    background: #dde;\\n\\","    font-family: Arial, Helvetica, sans-serif;\\n\\","    margin: 2rem;\\n\\","}\\n\\","body > * {\\n\\","    margin-bottom: 1rem;\\n\\","}\\n\\",".utility2FooterDiv {\\n\\","    margin-top: 20px;\\n\\","    text-align: center;\\n\\","}\\n\\","</style>\\n\\","<style>\\n\\","/*csslint\\n\\","*/\\n\\","textarea {\\n\\","    font-family: monospace;\\n\\","    height: 10rem;\\n\\","    width: 100%;\\n\\","}\\n\\","textarea[readonly] {\\n\\","    background: #ddd;\\n\\","}\\n\\","</style>\\n\\","</head>\\n\\","<body>\\n\\","<!-- utility2-comment\\n\\","<div id=\"ajaxProgressDiv1\" style=\"background: #d00; height: 2px; left: 0; margin: 0; padding: 0; position: fixed; top: 0; transition: background 0.5s, width 1.5s; width: 25%;\"></div>\\n\\","utility2-comment -->\\n\\","<h1>\\n\\","<!-- utility2-comment\\n\\","    <a\\n\\","        {{#if env.npm_package_homepage}}\\n\\","        href=\"{{env.npm_package_homepage}}\"\\n\\","        {{/if env.npm_package_homepage}}\\n\\","        target=\"_blank\"\\n\\","    >\\n\\","utility2-comment -->\\n\\","        {{env.npm_package_name}} (v{{env.npm_package_version}})\\n\\","<!-- utility2-comment\\n\\","    </a>\\n\\","utility2-comment -->\\n\\","</h1>\\n\\","<h3>{{env.npm_package_description}}</h3>\\n\\","<!-- utility2-comment\\n\\","<h4><a download href=\"assets.app.js\">download standalone app</a></h4>\\n\\","<button class=\"onclick onreset\" id=\"testRunButton1\">run internal test</button><br>\\n\\","<div id=\"testReportDiv1\" style=\"display: none;\"></div>\\n\\","utility2-comment -->\\n\\","\\n\\","\\n\\","\\n\\","<label>stderr and stdout</label>\\n\\","<textarea class=\"resettable\" id=\"outputTextareaStdout1\" readonly></textarea>\\n\\","<!-- utility2-comment\\n\\","{{#if isRollup}}\\n\\","<script src=\"assets.app.js\"></script>\\n\\","{{#unless isRollup}}\\n\\","utility2-comment -->\\n\\","<script src=\"assets.utility2.rollup.js\"></script>\\n\\","<script src=\"jsonp.utility2._stateInit?callback=window.utility2._stateInit\"></script>\\n\\","<script src=\"assets.npmtest_color_convert.rollup.js\"></script>\\n\\","<script src=\"assets.example.js\"></script>\\n\\","<script src=\"assets.test.js\"></script>\\n\\","<!-- utility2-comment\\n\\","{{/if isRollup}}\\n\\","utility2-comment -->\\n\\","<div class=\"utility2FooterDiv\">\\n\\","    [ this app was created with\\n\\","    <a href=\"https://github.com/kaizhu256/node-utility2\" target=\"_blank\">utility2</a>\\n\\","    ]\\n\\","</div>\\n\\","</body>\\n\\","</html>\\n\\","';","        /* jslint-ignore-end */","        if (local.templateRender) {","            local.assetsDict['/'] = local.templateRender(","                local.assetsDict['/assets.index.template.html'],","                {","                    env: local.objectSetDefault(local.env, {","                        npm_package_description: 'the greatest app in the world!',","                        npm_package_name: 'my-app',","                        npm_package_nameAlias: 'my_app',","                        npm_package_version: '0.0.1'","                    })","                }","            );","        } else {","            local.assetsDict['/'] = local.assetsDict['/assets.index.template.html']","                .replace((/\\{\\{env\\.(\\w+?)\\}\\}/g), function (match0, match1) {","                    // jslint-hack","                    String(match0);","                    switch (match1) {","                    case 'npm_package_description':","                        return 'the greatest app in the world!';","                    case 'npm_package_name':","                        return 'my-app';","                    case 'npm_package_nameAlias':","                        return 'my_app';","                    case 'npm_package_version':","                        return '0.0.1';","                    }","                });","        }","        // run the cli","        if (local.global.utility2_rollup || module !== require.main) {","            break;","        }","        local.assetsDict['/assets.example.js'] =","            local.assetsDict['/assets.example.js'] ||","            local.fs.readFileSync(__filename, 'utf8');","        // bug-workaround - long $npm_package_buildCustomOrg","        /* jslint-ignore-begin */","        local.assetsDict['/assets.npmtest_color_convert.rollup.js'] =","            local.assetsDict['/assets.npmtest_color_convert.rollup.js'] ||","            local.fs.readFileSync(","                local.npmtest_color_convert.__dirname + '/lib.npmtest_color_convert.js',","                'utf8'","            ).replace((/^#!/), '//');","        /* jslint-ignore-end */","        local.assetsDict['/favicon.ico'] = local.assetsDict['/favicon.ico'] || '';","        // if $npm_config_timeout_exit exists,","        // then exit this process after $npm_config_timeout_exit ms","        if (Number(process.env.npm_config_timeout_exit)) {","            setTimeout(process.exit, Number(process.env.npm_config_timeout_exit));","        }","        // start server","        if (local.global.utility2_serverHttp1) {","            break;","        }","        process.env.PORT = process.env.PORT || '8081';","        console.error('server starting on port ' + process.env.PORT);","        local.http.createServer(function (request, response) {","            request.urlParsed = local.url.parse(request.url);","            if (local.assetsDict[request.urlParsed.pathname] !== undefined) {","                response.end(local.assetsDict[request.urlParsed.pathname]);","                return;","            }","            response.statusCode = 404;","            response.end();","        }).listen(process.env.PORT);","        break;","    }","}());",""],"l":{"26":2,"28":2,"33":2,"35":2,"37":2,"38":2,"39":2,"44":1,"51":2,"55":2,"59":2,"61":2,"69":1,"70":2,"76":2,"79":2,"82":2,"83":2,"85":1,"89":2,"92":1,"93":1,"94":1,"96":1,"97":1,"100":1,"101":1,"103":1,"106":1,"108":2,"114":1,"116":1,"118":1,"123":1,"124":2,"125":2,"126":3,"127":3,"128":3,"129":3,"130":1,"133":3,"134":3,"139":3,"143":1,"144":3,"145":1,"149":1,"150":1,"158":1,"160":1,"161":1,"162":1,"164":1,"166":1,"258":1,"259":1,"271":1,"274":6,"275":6,"277":1,"279":2,"281":1,"283":2,"288":1,"289":1,"291":1,"296":1,"303":1,"306":1,"307":1,"310":1,"311":1,"313":1,"314":1,"315":1,"316":1,"317":1,"318":1,"319":1,"321":1,"322":1,"324":1}},"/home/travis/build/npmtest/node-npmtest-color-convert/node_modules/color-convert/index.js":{"path":"/home/travis/build/npmtest/node-npmtest-color-convert/node_modules/color-convert/index.js","s":{"1":1,"2":1,"3":1,"4":1,"5":1,"6":210,"7":0,"8":0,"9":0,"10":0,"11":0,"12":210,"13":210,"14":210,"15":1,"16":210,"17":0,"18":0,"19":0,"20":0,"21":0,"22":0,"23":0,"24":0,"25":0,"26":210,"27":210,"28":210,"29":1,"30":15,"31":15,"32":15,"33":15,"34":15,"35":15,"36":210,"37":210,"38":210,"39":1},"b":{"1":[0,0],"2":[0,0],"3":[0,0],"4":[210,0],"5":[0,0],"6":[0,0],"7":[0,0],"8":[0,0],"9":[210,0]},"f":{"1":210,"2":0,"3":210,"4":0,"5":15,"6":210},"fnMap":{"1":{"name":"wrapRaw","line":8,"loc":{"start":{"line":8,"column":0},"end":{"line":8,"column":21}}},"2":{"name":"(anonymous_2)","line":9,"loc":{"start":{"line":9,"column":17},"end":{"line":9,"column":33}}},"3":{"name":"wrapRounded","line":29,"loc":{"start":{"line":29,"column":0},"end":{"line":29,"column":25}}},"4":{"name":"(anonymous_4)","line":30,"loc":{"start":{"line":30,"column":17},"end":{"line":30,"column":33}}},"5":{"name":"(anonymous_5)","line":61,"loc":{"start":{"line":61,"column":15},"end":{"line":61,"column":36}}},"6":{"name":"(anonymous_6)","line":70,"loc":{"start":{"line":70,"column":21},"end":{"line":70,"column":40}}}},"statementMap":{"1":{"start":{"line":1,"column":0},"end":{"line":1,"column":43}},"2":{"start":{"line":2,"column":0},"end":{"line":2,"column":31}},"3":{"start":{"line":4,"column":0},"end":{"line":4,"column":17}},"4":{"start":{"line":6,"column":0},"end":{"line":6,"column":38}},"5":{"start":{"line":8,"column":0},"end":{"line":27,"column":1}},"6":{"start":{"line":9,"column":1},"end":{"line":19,"column":3}},"7":{"start":{"line":10,"column":2},"end":{"line":12,"column":3}},"8":{"start":{"line":11,"column":3},"end":{"line":11,"column":15}},"9":{"start":{"line":14,"column":2},"end":{"line":16,"column":3}},"10":{"start":{"line":15,"column":3},"end":{"line":15,"column":48}},"11":{"start":{"line":18,"column":2},"end":{"line":18,"column":18}},"12":{"start":{"line":22,"column":1},"end":{"line":24,"column":2}},"13":{"start":{"line":23,"column":2},"end":{"line":23,"column":39}},"14":{"start":{"line":26,"column":1},"end":{"line":26,"column":18}},"15":{"start":{"line":29,"column":0},"end":{"line":59,"column":1}},"16":{"start":{"line":30,"column":1},"end":{"line":51,"column":3}},"17":{"start":{"line":31,"column":2},"end":{"line":33,"column":3}},"18":{"start":{"line":32,"column":3},"end":{"line":32,"column":15}},"19":{"start":{"line":35,"column":2},"end":{"line":37,"column":3}},"20":{"start":{"line":36,"column":3},"end":{"line":36,"column":48}},"21":{"start":{"line":39,"column":2},"end":{"line":39,"column":24}},"22":{"start":{"line":44,"column":2},"end":{"line":48,"column":3}},"23":{"start":{"line":45,"column":3},"end":{"line":47,"column":4}},"24":{"start":{"line":46,"column":4},"end":{"line":46,"column":38}},"25":{"start":{"line":50,"column":2},"end":{"line":50,"column":16}},"26":{"start":{"line":54,"column":1},"end":{"line":56,"column":2}},"27":{"start":{"line":55,"column":2},"end":{"line":55,"column":39}},"28":{"start":{"line":58,"column":1},"end":{"line":58,"column":18}},"29":{"start":{"line":61,"column":0},"end":{"line":76,"column":3}},"30":{"start":{"line":62,"column":1},"end":{"line":62,"column":25}},"31":{"start":{"line":64,"column":1},"end":{"line":64,"column":97}},"32":{"start":{"line":65,"column":1},"end":{"line":65,"column":93}},"33":{"start":{"line":67,"column":1},"end":{"line":67,"column":31}},"34":{"start":{"line":68,"column":1},"end":{"line":68,"column":39}},"35":{"start":{"line":70,"column":1},"end":{"line":75,"column":4}},"36":{"start":{"line":71,"column":2},"end":{"line":71,"column":27}},"37":{"start":{"line":73,"column":2},"end":{"line":73,"column":48}},"38":{"start":{"line":74,"column":2},"end":{"line":74,"column":48}},"39":{"start":{"line":78,"column":0},"end":{"line":78,"column":25}}},"branchMap":{"1":{"line":10,"type":"if","locations":[{"start":{"line":10,"column":2},"end":{"line":10,"column":2}},{"start":{"line":10,"column":2},"end":{"line":10,"column":2}}]},"2":{"line":10,"type":"binary-expr","locations":[{"start":{"line":10,"column":6},"end":{"line":10,"column":24}},{"start":{"line":10,"column":28},"end":{"line":10,"column":41}}]},"3":{"line":14,"type":"if","locations":[{"start":{"line":14,"column":2},"end":{"line":14,"column":2}},{"start":{"line":14,"column":2},"end":{"line":14,"column":2}}]},"4":{"line":22,"type":"if","locations":[{"start":{"line":22,"column":1},"end":{"line":22,"column":1}},{"start":{"line":22,"column":1},"end":{"line":22,"column":1}}]},"5":{"line":31,"type":"if","locations":[{"start":{"line":31,"column":2},"end":{"line":31,"column":2}},{"start":{"line":31,"column":2},"end":{"line":31,"column":2}}]},"6":{"line":31,"type":"binary-expr","locations":[{"start":{"line":31,"column":6},"end":{"line":31,"column":24}},{"start":{"line":31,"column":28},"end":{"line":31,"column":41}}]},"7":{"line":35,"type":"if","locations":[{"start":{"line":35,"column":2},"end":{"line":35,"column":2}},{"start":{"line":35,"column":2},"end":{"line":35,"column":2}}]},"8":{"line":44,"type":"if","locations":[{"start":{"line":44,"column":2},"end":{"line":44,"column":2}},{"start":{"line":44,"column":2},"end":{"line":44,"column":2}}]},"9":{"line":54,"type":"if","locations":[{"start":{"line":54,"column":1},"end":{"line":54,"column":1}},{"start":{"line":54,"column":1},"end":{"line":54,"column":1}}]}},"code":["var conversions = require('./conversions');","var route = require('./route');","","var convert = {};","","var models = Object.keys(conversions);","","function wrapRaw(fn) {","\tvar wrappedFn = function (args) {","\t\tif (args === undefined || args === null) {","\t\t\treturn args;","\t\t}","","\t\tif (arguments.length > 1) {","\t\t\targs = Array.prototype.slice.call(arguments);","\t\t}","","\t\treturn fn(args);","\t};","","\t// preserve .conversion property if there is one","\tif ('conversion' in fn) {","\t\twrappedFn.conversion = fn.conversion;","\t}","","\treturn wrappedFn;","}","","function wrapRounded(fn) {","\tvar wrappedFn = function (args) {","\t\tif (args === undefined || args === null) {","\t\t\treturn args;","\t\t}","","\t\tif (arguments.length > 1) {","\t\t\targs = Array.prototype.slice.call(arguments);","\t\t}","","\t\tvar result = fn(args);","","\t\t// we're assuming the result is an array here.","\t\t// see notice in conversions.js; don't use box types","\t\t// in conversion functions.","\t\tif (typeof result === 'object') {","\t\t\tfor (var len = result.length, i = 0; i < len; i++) {","\t\t\t\tresult[i] = Math.round(result[i]);","\t\t\t}","\t\t}","","\t\treturn result;","\t};","","\t// preserve .conversion property if there is one","\tif ('conversion' in fn) {","\t\twrappedFn.conversion = fn.conversion;","\t}","","\treturn wrappedFn;","}","","models.forEach(function (fromModel) {","\tconvert[fromModel] = {};","","\tObject.defineProperty(convert[fromModel], 'channels', {value: conversions[fromModel].channels});","\tObject.defineProperty(convert[fromModel], 'labels', {value: conversions[fromModel].labels});","","\tvar routes = route(fromModel);","\tvar routeModels = Object.keys(routes);","","\trouteModels.forEach(function (toModel) {","\t\tvar fn = routes[toModel];","","\t\tconvert[fromModel][toModel] = wrapRounded(fn);","\t\tconvert[fromModel][toModel].raw = wrapRaw(fn);","\t});","});","","module.exports = convert;",""],"l":{"1":1,"2":1,"4":1,"6":1,"8":1,"9":210,"10":0,"11":0,"14":0,"15":0,"18":0,"22":210,"23":210,"26":210,"29":1,"30":210,"31":0,"32":0,"35":0,"36":0,"39":0,"44":0,"45":0,"46":0,"50":0,"54":210,"55":210,"58":210,"61":1,"62":15,"64":15,"65":15,"67":15,"68":15,"70":15,"71":210,"73":210,"74":210,"78":1}},"/home/travis/build/npmtest/node-npmtest-color-convert/node_modules/color-convert/conversions.js":{"path":"/home/travis/build/npmtest/node-npmtest-color-convert/node_modules/color-convert/conversions.js","s":{"1":1,"2":1,"3":1,"4":148,"5":148,"6":1,"7":1,"8":15,"9":15,"10":0,"11":15,"12":0,"13":15,"14":0,"15":15,"16":15,"17":15,"18":15,"19":15,"20":15,"21":1,"22":0,"23":0,"24":0,"25":0,"26":0,"27":0,"28":0,"29":0,"30":0,"31":0,"32":0,"33":0,"34":0,"35":0,"36":0,"37":0,"38":0,"39":0,"40":0,"41":0,"42":0,"43":0,"44":0,"45":0,"46":0,"47":0,"48":0,"49":1,"50":0,"51":0,"52":0,"53":0,"54":0,"55":0,"56":0,"57":0,"58":0,"59":0,"60":0,"61":0,"62":0,"63":0,"64":0,"65":0,"66":0,"67":0,"68":0,"69":0,"70":0,"71":0,"72":0,"73":0,"74":0,"75":1,"76":0,"77":0,"78":0,"79":0,"80":0,"81":0,"82":0,"83":1,"84":0,"85":0,"86":0,"87":0,"88":0,"89":0,"90":0,"91":0,"92":0,"93":0,"94":0,"95":0,"96":1,"97":0,"98":1,"99":0,"100":0,"101":0,"102":0,"103":0,"104":0,"105":0,"106":0,"107":0,"108":0,"109":0,"110":0,"111":0,"112":1,"113":0,"114":1,"115":0,"116":0,"117":0,"118":0,"119":0,"120":0,"121":0,"122":0,"123":0,"124":0,"125":1,"126":0,"127":0,"128":0,"129":0,"130":0,"131":0,"132":0,"133":0,"134":0,"135":0,"136":0,"137":0,"138":0,"139":0,"140":0,"141":0,"142":0,"143":1,"144":0,"145":0,"146":0,"147":0,"148":0,"149":0,"150":0,"151":0,"152":0,"153":0,"154":0,"155":0,"156":0,"157":0,"158":0,"159":0,"160":0,"161":0,"162":0,"163":0,"164":0,"165":0,"166":0,"167":0,"168":0,"169":0,"170":0,"171":0,"172":0,"173":0,"174":0,"175":1,"176":0,"177":0,"178":0,"179":0,"180":0,"181":0,"182":0,"183":0,"184":0,"185":0,"186":0,"187":0,"188":0,"189":1,"190":0,"191":0,"192":0,"193":0,"194":0,"195":0,"196":0,"197":0,"198":0,"199":0,"200":0,"201":0,"202":0,"203":0,"204":0,"205":0,"206":1,"207":0,"208":0,"209":0,"210":0,"211":0,"212":0,"213":0,"214":0,"215":0,"216":0,"217":0,"218":0,"219":0,"220":0,"221":1,"222":0,"223":0,"224":0,"225":0,"226":0,"227":0,"228":0,"229":0,"230":0,"231":0,"232":0,"233":0,"234":0,"235":0,"236":0,"237":0,"238":0,"239":0,"240":0,"241":0,"242":0,"243":0,"244":0,"245":0,"246":0,"247":0,"248":0,"249":0,"250":0,"251":0,"252":0,"253":0,"254":0,"255":0,"256":0,"257":0,"258":0,"259":0,"260":0,"261":0,"262":0,"263":0,"264":0,"265":0,"266":0,"267":0,"268":1,"269":0,"270":0,"271":0,"272":0,"273":0,"274":0,"275":0,"276":0,"277":0,"278":0,"279":0,"280":1,"281":0,"282":0,"283":0,"284":0,"285":0,"286":0,"287":0,"288":0,"289":0,"290":0,"291":0,"292":0,"293":0,"294":0,"295":0,"296":0,"297":1,"298":0,"299":0,"300":0,"301":0,"302":0,"303":0,"304":0,"305":0,"306":0,"307":0,"308":0,"309":0,"310":0,"311":0,"312":0,"313":0,"314":1,"315":0,"316":0,"317":0,"318":0,"319":0,"320":0,"321":0,"322":0,"323":0,"324":0,"325":0,"326":0,"327":0,"328":0,"329":0,"330":0,"331":0,"332":0,"333":0,"334":1,"335":0,"336":0,"337":0,"338":0,"339":0,"340":0,"341":0,"342":0,"343":0,"344":0,"345":0,"346":0,"347":1,"348":0,"349":0,"350":0,"351":0,"352":0,"353":0,"354":0,"355":0,"356":0,"357":0,"358":1,"359":0,"360":0,"361":0,"362":0,"363":0,"364":0,"365":0,"366":0,"367":0,"368":0,"369":0,"370":1,"371":0,"372":1,"373":0,"374":0,"375":0,"376":0,"377":0,"378":0,"379":0,"380":0,"381":0,"382":0,"383":0,"384":1,"385":0,"386":0,"387":0,"388":0,"389":0,"390":0,"391":0,"392":0,"393":0,"394":0,"395":0,"396":1,"397":0,"398":0,"399":0,"400":0,"401":0,"402":0,"403":0,"404":0,"405":0,"406":1,"407":0,"408":0,"409":0,"410":1,"411":0,"412":0,"413":0,"414":0,"415":0,"416":0,"417":0,"418":0,"419":0,"420":0,"421":0,"422":0,"423":1,"424":0,"425":0,"426":0,"427":0,"428":0,"429":0,"430":0,"431":0,"432":0,"433":0,"434":0,"435":0,"436":0,"437":0,"438":0,"439":0,"440":0,"441":0,"442":0,"443":0,"444":0,"445":1,"446":0,"447":0,"448":0,"449":0,"450":0,"451":0,"452":0,"453":0,"454":0,"455":0,"456":1,"457":0,"458":0,"459":0,"460":0,"461":0,"462":0,"463":0,"464":1,"465":0,"466":0,"467":0,"468":0,"469":0,"470":0,"471":0,"472":0,"473":0,"474":0,"475":0,"476":0,"477":0,"478":0,"479":0,"480":0,"481":0,"482":0,"483":0,"484":0,"485":0,"486":0,"487":0,"488":0,"489":0,"490":0,"491":0,"492":0,"493":0,"494":0,"495":0,"496":0,"497":0,"498":0,"499":0,"500":0,"501":1,"502":0,"503":0,"504":0,"505":0,"506":0,"507":0,"508":0,"509":1,"510":0,"511":0,"512":0,"513":0,"514":0,"515":0,"516":0,"517":0,"518":0,"519":1,"520":0,"521":0,"522":0,"523":0,"524":1,"525":0,"526":0,"527":0,"528":0,"529":0,"530":0,"531":0,"532":0,"533":1,"534":0,"535":1,"536":0,"537":1,"538":0,"539":1,"540":0,"541":1,"542":0,"543":1,"544":0,"545":1,"546":0,"547":1,"548":0,"549":0,"550":0,"551":0,"552":1,"553":0,"554":0},"b":{"1":[148,0],"2":[15,0],"3":[0,15],"4":[0,15],"5":[0,15],"6":[0,0],"7":[0,0],"8":[0,0],"9":[0,0],"10":[0,0],"11":[0,0],"12":[0,0],"13":[0,0],"14":[0,0],"15":[0,0],"16":[0,0],"17":[0,0],"18":[0,0],"19":[0,0],"20":[0,0],"21":[0,0],"22":[0,0],"23":[0,0],"24":[0,0],"25":[0,0],"26":[0,0],"27":[0,0],"28":[0,0],"29":[0,0],"30":[0,0],"31":[0,0],"32":[0,0],"33":[0,0],"34":[0,0],"35":[0,0],"36":[0,0],"37":[0,0],"38":[0,0],"39":[0,0],"40":[0,0],"41":[0,0,0,0,0,0],"42":[0,0],"43":[0,0],"44":[0,0],"45":[0,0],"46":[0,0,0,0,0,0,0,0],"47":[0,0],"48":[0,0],"49":[0,0],"50":[0,0],"51":[0,0],"52":[0,0],"53":[0,0],"54":[0,0],"55":[0,0],"56":[0,0],"57":[0,0],"58":[0,0],"59":[0,0],"60":[0,0],"61":[0,0],"62":[0,0],"63":[0,0],"64":[0,0],"65":[0,0],"66":[0,0],"67":[0,0],"68":[0,0],"69":[0,0],"70":[0,0],"71":[0,0],"72":[0,0],"73":[0,0],"74":[0,0],"75":[0,0],"76":[0,0],"77":[0,0],"78":[0,0,0,0,0,0],"79":[0,0],"80":[0,0],"81":[0,0],"82":[0,0],"83":[0,0],"84":[0,0]},"f":{"1":0,"2":0,"3":0,"4":0,"5":0,"6":0,"7":0,"8":0,"9":0,"10":0,"11":0,"12":0,"13":0,"14":0,"15":0,"16":0,"17":0,"18":0,"19":0,"20":0,"21":0,"22":0,"23":0,"24":0,"25":0,"26":0,"27":0,"28":0,"29":0,"30":0,"31":0,"32":0,"33":0,"34":0,"35":0,"36":0,"37":0,"38":0,"39":0,"40":0,"41":0,"42":0,"43":0,"44":0,"45":0},"fnMap":{"1":{"name":"(anonymous_1)","line":57,"loc":{"start":{"line":57,"column":18},"end":{"line":57,"column":33}}},"2":{"name":"(anonymous_2)","line":97,"loc":{"start":{"line":97,"column":18},"end":{"line":97,"column":33}}},"3":{"name":"(anonymous_3)","line":135,"loc":{"start":{"line":135,"column":18},"end":{"line":135,"column":33}}},"4":{"name":"(anonymous_4)","line":147,"loc":{"start":{"line":147,"column":19},"end":{"line":147,"column":34}}},"5":{"name":"comparativeDistance","line":167,"loc":{"start":{"line":167,"column":0},"end":{"line":167,"column":35}}},"6":{"name":"(anonymous_6)","line":175,"loc":{"start":{"line":175,"column":22},"end":{"line":175,"column":37}}},"7":{"name":"(anonymous_7)","line":202,"loc":{"start":{"line":202,"column":22},"end":{"line":202,"column":41}}},"8":{"name":"(anonymous_8)","line":206,"loc":{"start":{"line":206,"column":18},"end":{"line":206,"column":33}}},"9":{"name":"(anonymous_9)","line":223,"loc":{"start":{"line":223,"column":18},"end":{"line":223,"column":33}}},"10":{"name":"(anonymous_10)","line":247,"loc":{"start":{"line":247,"column":18},"end":{"line":247,"column":33}}},"11":{"name":"(anonymous_11)","line":296,"loc":{"start":{"line":296,"column":18},"end":{"line":296,"column":33}}},"12":{"name":"(anonymous_12)","line":314,"loc":{"start":{"line":314,"column":18},"end":{"line":314,"column":33}}},"13":{"name":"(anonymous_13)","line":342,"loc":{"start":{"line":342,"column":18},"end":{"line":342,"column":33}}},"14":{"name":"(anonymous_14)","line":362,"loc":{"start":{"line":362,"column":18},"end":{"line":362,"column":33}}},"15":{"name":"(anonymous_15)","line":405,"loc":{"start":{"line":405,"column":19},"end":{"line":405,"column":35}}},"16":{"name":"(anonymous_16)","line":421,"loc":{"start":{"line":421,"column":18},"end":{"line":421,"column":33}}},"17":{"name":"(anonymous_17)","line":453,"loc":{"start":{"line":453,"column":18},"end":{"line":453,"column":33}}},"18":{"name":"(anonymous_18)","line":476,"loc":{"start":{"line":476,"column":18},"end":{"line":476,"column":33}}},"19":{"name":"(anonymous_19)","line":502,"loc":{"start":{"line":502,"column":18},"end":{"line":502,"column":33}}},"20":{"name":"(anonymous_20)","line":522,"loc":{"start":{"line":522,"column":18},"end":{"line":522,"column":33}}},"21":{"name":"(anonymous_21)","line":537,"loc":{"start":{"line":537,"column":21},"end":{"line":537,"column":37}}},"22":{"name":"(anonymous_22)","line":561,"loc":{"start":{"line":561,"column":21},"end":{"line":561,"column":37}}},"23":{"name":"(anonymous_23)","line":567,"loc":{"start":{"line":567,"column":22},"end":{"line":567,"column":38}}},"24":{"name":"(anonymous_24)","line":594,"loc":{"start":{"line":594,"column":21},"end":{"line":594,"column":37}}},"25":{"name":"(anonymous_25)","line":616,"loc":{"start":{"line":616,"column":22},"end":{"line":616,"column":38}}},"26":{"name":"(anonymous_26)","line":633,"loc":{"start":{"line":633,"column":18},"end":{"line":633,"column":34}}},"27":{"name":"(anonymous_27)","line":642,"loc":{"start":{"line":642,"column":18},"end":{"line":642,"column":34}}},"28":{"name":"(anonymous_28)","line":651,"loc":{"start":{"line":651,"column":42},"end":{"line":651,"column":58}}},"29":{"name":"(anonymous_29)","line":664,"loc":{"start":{"line":664,"column":18},"end":{"line":664,"column":33}}},"30":{"name":"(anonymous_30)","line":698,"loc":{"start":{"line":698,"column":18},"end":{"line":698,"column":33}}},"31":{"name":"(anonymous_31)","line":717,"loc":{"start":{"line":717,"column":18},"end":{"line":717,"column":33}}},"32":{"name":"(anonymous_32)","line":731,"loc":{"start":{"line":731,"column":18},"end":{"line":731,"column":33}}},"33":{"name":"(anonymous_33)","line":770,"loc":{"start":{"line":770,"column":18},"end":{"line":770,"column":33}}},"34":{"name":"(anonymous_34)","line":784,"loc":{"start":{"line":784,"column":18},"end":{"line":784,"column":33}}},"35":{"name":"(anonymous_35)","line":801,"loc":{"start":{"line":801,"column":18},"end":{"line":801,"column":33}}},"36":{"name":"(anonymous_36)","line":808,"loc":{"start":{"line":808,"column":18},"end":{"line":808,"column":33}}},"37":{"name":"(anonymous_37)","line":822,"loc":{"start":{"line":822,"column":20},"end":{"line":822,"column":37}}},"38":{"name":"(anonymous_38)","line":826,"loc":{"start":{"line":826,"column":20},"end":{"line":826,"column":35}}},"39":{"name":"(anonymous_39)","line":830,"loc":{"start":{"line":830,"column":19},"end":{"line":830,"column":35}}},"40":{"name":"(anonymous_40)","line":834,"loc":{"start":{"line":834,"column":38},"end":{"line":834,"column":54}}},"41":{"name":"(anonymous_41)","line":838,"loc":{"start":{"line":838,"column":19},"end":{"line":838,"column":35}}},"42":{"name":"(anonymous_42)","line":842,"loc":{"start":{"line":842,"column":20},"end":{"line":842,"column":36}}},"43":{"name":"(anonymous_43)","line":846,"loc":{"start":{"line":846,"column":19},"end":{"line":846,"column":35}}},"44":{"name":"(anonymous_44)","line":850,"loc":{"start":{"line":850,"column":19},"end":{"line":850,"column":35}}},"45":{"name":"(anonymous_45)","line":858,"loc":{"start":{"line":858,"column":19},"end":{"line":858,"column":34}}}},"statementMap":{"1":{"start":{"line":2,"column":0},"end":{"line":2,"column":40}},"2":{"start":{"line":8,"column":0},"end":{"line":8,"column":25}},"3":{"start":{"line":9,"column":0},"end":{"line":13,"column":1}},"4":{"start":{"line":10,"column":1},"end":{"line":12,"column":2}},"5":{"start":{"line":11,"column":2},"end":{"line":11,"column":42}},"6":{"start":{"line":15,"column":0},"end":{"line":31,"column":2}},"7":{"start":{"line":34,"column":0},"end":{"line":55,"column":1}},"8":{"start":{"line":35,"column":1},"end":{"line":54,"column":2}},"9":{"start":{"line":36,"column":2},"end":{"line":38,"column":3}},"10":{"start":{"line":37,"column":3},"end":{"line":37,"column":58}},"11":{"start":{"line":40,"column":2},"end":{"line":42,"column":3}},"12":{"start":{"line":41,"column":3},"end":{"line":41,"column":64}},"13":{"start":{"line":44,"column":2},"end":{"line":46,"column":3}},"14":{"start":{"line":45,"column":3},"end":{"line":45,"column":66}},"15":{"start":{"line":48,"column":2},"end":{"line":48,"column":41}},"16":{"start":{"line":49,"column":2},"end":{"line":49,"column":37}},"17":{"start":{"line":50,"column":2},"end":{"line":50,"column":33}},"18":{"start":{"line":51,"column":2},"end":{"line":51,"column":31}},"19":{"start":{"line":52,"column":2},"end":{"line":52,"column":71}},"20":{"start":{"line":53,"column":2},"end":{"line":53,"column":67}},"21":{"start":{"line":57,"column":0},"end":{"line":95,"column":2}},"22":{"start":{"line":58,"column":1},"end":{"line":58,"column":22}},"23":{"start":{"line":59,"column":1},"end":{"line":59,"column":22}},"24":{"start":{"line":60,"column":1},"end":{"line":60,"column":22}},"25":{"start":{"line":61,"column":1},"end":{"line":61,"column":29}},"26":{"start":{"line":62,"column":1},"end":{"line":62,"column":29}},"27":{"start":{"line":63,"column":1},"end":{"line":63,"column":23}},"28":{"start":{"line":64,"column":1},"end":{"line":64,"column":7}},"29":{"start":{"line":65,"column":1},"end":{"line":65,"column":7}},"30":{"start":{"line":66,"column":1},"end":{"line":66,"column":7}},"31":{"start":{"line":68,"column":1},"end":{"line":76,"column":2}},"32":{"start":{"line":69,"column":2},"end":{"line":69,"column":8}},"33":{"start":{"line":70,"column":8},"end":{"line":76,"column":2}},"34":{"start":{"line":71,"column":2},"end":{"line":71,"column":22}},"35":{"start":{"line":72,"column":8},"end":{"line":76,"column":2}},"36":{"start":{"line":73,"column":2},"end":{"line":73,"column":26}},"37":{"start":{"line":74,"column":8},"end":{"line":76,"column":2}},"38":{"start":{"line":75,"column":2},"end":{"line":75,"column":26}},"39":{"start":{"line":78,"column":1},"end":{"line":78,"column":27}},"40":{"start":{"line":80,"column":1},"end":{"line":82,"column":2}},"41":{"start":{"line":81,"column":2},"end":{"line":81,"column":11}},"42":{"start":{"line":84,"column":1},"end":{"line":84,"column":21}},"43":{"start":{"line":86,"column":1},"end":{"line":92,"column":2}},"44":{"start":{"line":87,"column":2},"end":{"line":87,"column":8}},"45":{"start":{"line":88,"column":8},"end":{"line":92,"column":2}},"46":{"start":{"line":89,"column":2},"end":{"line":89,"column":26}},"47":{"start":{"line":91,"column":2},"end":{"line":91,"column":30}},"48":{"start":{"line":94,"column":1},"end":{"line":94,"column":30}},"49":{"start":{"line":97,"column":0},"end":{"line":133,"column":2}},"50":{"start":{"line":98,"column":1},"end":{"line":98,"column":16}},"51":{"start":{"line":99,"column":1},"end":{"line":99,"column":16}},"52":{"start":{"line":100,"column":1},"end":{"line":100,"column":16}},"53":{"start":{"line":101,"column":1},"end":{"line":101,"column":29}},"54":{"start":{"line":102,"column":1},"end":{"line":102,"column":29}},"55":{"start":{"line":103,"column":1},"end":{"line":103,"column":23}},"56":{"start":{"line":104,"column":1},"end":{"line":104,"column":7}},"57":{"start":{"line":105,"column":1},"end":{"line":105,"column":7}},"58":{"start":{"line":106,"column":1},"end":{"line":106,"column":7}},"59":{"start":{"line":108,"column":1},"end":{"line":112,"column":2}},"60":{"start":{"line":109,"column":2},"end":{"line":109,"column":8}},"61":{"start":{"line":111,"column":2},"end":{"line":111,"column":32}},"62":{"start":{"line":114,"column":1},"end":{"line":122,"column":2}},"63":{"start":{"line":115,"column":2},"end":{"line":115,"column":8}},"64":{"start":{"line":116,"column":8},"end":{"line":122,"column":2}},"65":{"start":{"line":117,"column":2},"end":{"line":117,"column":22}},"66":{"start":{"line":118,"column":8},"end":{"line":122,"column":2}},"67":{"start":{"line":119,"column":2},"end":{"line":119,"column":26}},"68":{"start":{"line":120,"column":8},"end":{"line":122,"column":2}},"69":{"start":{"line":121,"column":2},"end":{"line":121,"column":26}},"70":{"start":{"line":124,"column":1},"end":{"line":124,"column":27}},"71":{"start":{"line":126,"column":1},"end":{"line":128,"column":2}},"72":{"start":{"line":127,"column":2},"end":{"line":127,"column":11}},"73":{"start":{"line":130,"column":1},"end":{"line":130,"column":31}},"74":{"start":{"line":132,"column":1},"end":{"line":132,"column":18}},"75":{"start":{"line":135,"column":0},"end":{"line":145,"column":2}},"76":{"start":{"line":136,"column":1},"end":{"line":136,"column":16}},"77":{"start":{"line":137,"column":1},"end":{"line":137,"column":16}},"78":{"start":{"line":138,"column":1},"end":{"line":138,"column":16}},"79":{"start":{"line":139,"column":1},"end":{"line":139,"column":33}},"80":{"start":{"line":140,"column":1},"end":{"line":140,"column":47}},"81":{"start":{"line":142,"column":1},"end":{"line":142,"column":47}},"82":{"start":{"line":144,"column":1},"end":{"line":144,"column":30}},"83":{"start":{"line":147,"column":0},"end":{"line":162,"column":2}},"84":{"start":{"line":148,"column":1},"end":{"line":148,"column":22}},"85":{"start":{"line":149,"column":1},"end":{"line":149,"column":22}},"86":{"start":{"line":150,"column":1},"end":{"line":150,"column":22}},"87":{"start":{"line":151,"column":1},"end":{"line":151,"column":7}},"88":{"start":{"line":152,"column":1},"end":{"line":152,"column":7}},"89":{"start":{"line":153,"column":1},"end":{"line":153,"column":7}},"90":{"start":{"line":154,"column":1},"end":{"line":154,"column":7}},"91":{"start":{"line":156,"column":1},"end":{"line":156,"column":35}},"92":{"start":{"line":157,"column":1},"end":{"line":157,"column":32}},"93":{"start":{"line":158,"column":1},"end":{"line":158,"column":32}},"94":{"start":{"line":159,"column":1},"end":{"line":159,"column":32}},"95":{"start":{"line":161,"column":1},"end":{"line":161,"column":45}},"96":{"start":{"line":167,"column":0},"end":{"line":173,"column":1}},"97":{"start":{"line":168,"column":1},"end":{"line":172,"column":3}},"98":{"start":{"line":175,"column":0},"end":{"line":200,"column":2}},"99":{"start":{"line":176,"column":1},"end":{"line":176,"column":37}},"100":{"start":{"line":177,"column":1},"end":{"line":179,"column":2}},"101":{"start":{"line":178,"column":2},"end":{"line":178,"column":18}},"102":{"start":{"line":181,"column":1},"end":{"line":181,"column":39}},"103":{"start":{"line":182,"column":1},"end":{"line":182,"column":27}},"104":{"start":{"line":184,"column":1},"end":{"line":197,"column":2}},"105":{"start":{"line":185,"column":2},"end":{"line":196,"column":3}},"106":{"start":{"line":186,"column":3},"end":{"line":186,"column":36}},"107":{"start":{"line":189,"column":3},"end":{"line":189,"column":50}},"108":{"start":{"line":192,"column":3},"end":{"line":195,"column":4}},"109":{"start":{"line":193,"column":4},"end":{"line":193,"column":38}},"110":{"start":{"line":194,"column":4},"end":{"line":194,"column":36}},"111":{"start":{"line":199,"column":1},"end":{"line":199,"column":30}},"112":{"start":{"line":202,"column":0},"end":{"line":204,"column":2}},"113":{"start":{"line":203,"column":1},"end":{"line":203,"column":29}},"114":{"start":{"line":206,"column":0},"end":{"line":221,"column":2}},"115":{"start":{"line":207,"column":1},"end":{"line":207,"column":22}},"116":{"start":{"line":208,"column":1},"end":{"line":208,"column":22}},"117":{"start":{"line":209,"column":1},"end":{"line":209,"column":22}},"118":{"start":{"line":212,"column":1},"end":{"line":212,"column":70}},"119":{"start":{"line":213,"column":1},"end":{"line":213,"column":70}},"120":{"start":{"line":214,"column":1},"end":{"line":214,"column":70}},"121":{"start":{"line":216,"column":1},"end":{"line":216,"column":52}},"122":{"start":{"line":217,"column":1},"end":{"line":217,"column":52}},"123":{"start":{"line":218,"column":1},"end":{"line":218,"column":52}},"124":{"start":{"line":220,"column":1},"end":{"line":220,"column":36}},"125":{"start":{"line":223,"column":0},"end":{"line":245,"column":2}},"126":{"start":{"line":224,"column":1},"end":{"line":224,"column":32}},"127":{"start":{"line":225,"column":1},"end":{"line":225,"column":16}},"128":{"start":{"line":226,"column":1},"end":{"line":226,"column":16}},"129":{"start":{"line":227,"column":1},"end":{"line":227,"column":16}},"130":{"start":{"line":228,"column":1},"end":{"line":228,"column":7}},"131":{"start":{"line":229,"column":1},"end":{"line":229,"column":7}},"132":{"start":{"line":230,"column":1},"end":{"line":230,"column":7}},"133":{"start":{"line":232,"column":1},"end":{"line":232,"column":13}},"134":{"start":{"line":233,"column":1},"end":{"line":233,"column":10}},"135":{"start":{"line":234,"column":1},"end":{"line":234,"column":14}},"136":{"start":{"line":236,"column":1},"end":{"line":236,"column":66}},"137":{"start":{"line":237,"column":1},"end":{"line":237,"column":66}},"138":{"start":{"line":238,"column":1},"end":{"line":238,"column":66}},"139":{"start":{"line":240,"column":1},"end":{"line":240,"column":20}},"140":{"start":{"line":241,"column":1},"end":{"line":241,"column":19}},"141":{"start":{"line":242,"column":1},"end":{"line":242,"column":19}},"142":{"start":{"line":244,"column":1},"end":{"line":244,"column":18}},"143":{"start":{"line":247,"column":0},"end":{"line":294,"column":2}},"144":{"start":{"line":248,"column":1},"end":{"line":248,"column":22}},"145":{"start":{"line":249,"column":1},"end":{"line":249,"column":22}},"146":{"start":{"line":250,"column":1},"end":{"line":250,"column":22}},"147":{"start":{"line":251,"column":1},"end":{"line":251,"column":8}},"148":{"start":{"line":252,"column":1},"end":{"line":252,"column":8}},"149":{"start":{"line":253,"column":1},"end":{"line":253,"column":8}},"150":{"start":{"line":254,"column":1},"end":{"line":254,"column":9}},"151":{"start":{"line":255,"column":1},"end":{"line":255,"column":9}},"152":{"start":{"line":257,"column":1},"end":{"line":260,"column":2}},"153":{"start":{"line":258,"column":2},"end":{"line":258,"column":16}},"154":{"start":{"line":259,"column":2},"end":{"line":259,"column":25}},"155":{"start":{"line":262,"column":1},"end":{"line":266,"column":2}},"156":{"start":{"line":263,"column":2},"end":{"line":263,"column":19}},"157":{"start":{"line":265,"column":2},"end":{"line":265,"column":21}},"158":{"start":{"line":268,"column":1},"end":{"line":268,"column":17}},"159":{"start":{"line":270,"column":1},"end":{"line":270,"column":17}},"160":{"start":{"line":271,"column":1},"end":{"line":291,"column":2}},"161":{"start":{"line":272,"column":2},"end":{"line":272,"column":28}},"162":{"start":{"line":273,"column":2},"end":
[...]
 x;","\tvar y;","\tvar z;","","\ty = (l + 16) / 116;","\tx = a / 500 + y;","\tz = y - b / 200;","","\tvar y2 = Math.pow(y, 3);","\tvar x2 = Math.pow(x, 3);","\tvar z2 = Math.pow(z, 3);","\ty = y2 > 0.008856 ? y2 : (y - 16 / 116) / 7.787;","\tx = x2 > 0.008856 ? x2 : (x - 16 / 116) / 7.787;","\tz = z2 > 0.008856 ? z2 : (z - 16 / 116) / 7.787;","","\tx *= 95.047;","\ty *= 100;","\tz *= 108.883;","","\treturn [x, y, z];","};","","convert.lab.lch = function (lab) {","\tvar l = lab[0];","\tvar a = lab[1];","\tvar b = lab[2];","\tvar hr;","\tvar h;","\tvar c;","","\thr = Math.atan2(b, a);","\th = hr * 360 / 2 / Math.PI;","","\tif (h < 0) {","\t\th += 360;","\t}","","\tc = Math.sqrt(a * a + b * b);","","\treturn [l, c, h];","};","","convert.lch.lab = function (lch) {","\tvar l = lch[0];","\tvar c = lch[1];","\tvar h = lch[2];","\tvar a;","\tvar b;","\tvar hr;","","\thr = h / 360 * 2 * Math.PI;","\ta = c * Math.cos(hr);","\tb = c * Math.sin(hr);","","\treturn [l, a, b];","};","","convert.rgb.ansi16 = function (args) {","\tvar r = args[0];","\tvar g = args[1];","\tvar b = args[2];","\tvar value = 1 in arguments ? arguments[1] : convert.rgb.hsv(args)[2]; // hsv -> ansi16 optimization","","\tvalue = Math.round(value / 50);","","\tif (value === 0) {","\t\treturn 30;","\t}","","\tvar ansi = 30","\t\t+ ((Math.round(b / 255) << 2)","\t\t| (Math.round(g / 255) << 1)","\t\t| Math.round(r / 255));","","\tif (value === 2) {","\t\tansi += 60;","\t}","","\treturn ansi;","};","","convert.hsv.ansi16 = function (args) {","\t// optimization here; we already know the value and don't need to get","\t// it converted for us.","\treturn convert.rgb.ansi16(convert.hsv.rgb(args), args[2]);","};","","convert.rgb.ansi256 = function (args) {","\tvar r = args[0];","\tvar g = args[1];","\tvar b = args[2];","","\t// we use the extended greyscale palette here, with the exception of","\t// black and white. normal palette only has 4 greyscale shades.","\tif (r === g && g === b) {","\t\tif (r < 8) {","\t\t\treturn 16;","\t\t}","","\t\tif (r > 248) {","\t\t\treturn 231;","\t\t}","","\t\treturn Math.round(((r - 8) / 247) * 24) + 232;","\t}","","\tvar ansi = 16","\t\t+ (36 * Math.round(r / 255 * 5))","\t\t+ (6 * Math.round(g / 255 * 5))","\t\t+ Math.round(b / 255 * 5);","","\treturn ansi;","};","","convert.ansi16.rgb = function (args) {","\tvar color = args % 10;","","\t// handle greyscale","\tif (color === 0 || color === 7) {","\t\tif (args > 50) {","\t\t\tcolor += 3.5;","\t\t}","","\t\tcolor = color / 10.5 * 255;","","\t\treturn [color, color, color];","\t}","","\tvar mult = (~~(args > 50) + 1) * 0.5;","\tvar r = ((color & 1) * mult) * 255;","\tvar g = (((color >> 1) & 1) * mult) * 255;","\tvar b = (((color >> 2) & 1) * mult) * 255;","","\treturn [r, g, b];","};","","convert.ansi256.rgb = function (args) {","\t// handle greyscale","\tif (args >= 232) {","\t\tvar c = (args - 232) * 10 + 8;","\t\treturn [c, c, c];","\t}","","\targs -= 16;","","\tvar rem;","\tvar r = Math.floor(args / 36) / 5 * 255;","\tvar g = Math.floor((rem = args % 36) / 6) / 5 * 255;","\tvar b = (rem % 6) / 5 * 255;","","\treturn [r, g, b];","};","","convert.rgb.hex = function (args) {","\tvar integer = ((Math.round(args[0]) & 0xFF) << 16)","\t\t+ ((Math.round(args[1]) & 0xFF) << 8)","\t\t+ (Math.round(args[2]) & 0xFF);","","\tvar string = integer.toString(16).toUpperCase();","\treturn '000000'.substring(string.length) + string;","};","","convert.hex.rgb = function (args) {","\tvar match = args.toString(16).match(/[a-f0-9]{6}|[a-f0-9]{3}/i);","\tif (!match) {","\t\treturn [0, 0, 0];","\t}","","\tvar colorString = match[0];","","\tif (match[0].length === 3) {","\t\tcolorString = colorString.split('').map(function (char) {","\t\t\treturn char + char;","\t\t}).join('');","\t}","","\tvar integer = parseInt(colorString, 16);","\tvar r = (integer >> 16) & 0xFF;","\tvar g = (integer >> 8) & 0xFF;","\tvar b = integer & 0xFF;","","\treturn [r, g, b];","};","","convert.rgb.hcg = function (rgb) {","\tvar r = rgb[0] / 255;","\tvar g = rgb[1] / 255;","\tvar b = rgb[2] / 255;","\tvar max = Math.max(Math.max(r, g), b);","\tvar min = Math.min(Math.min(r, g), b);","\tvar chroma = (max - min);","\tvar grayscale;","\tvar hue;","","\tif (chroma < 1) {","\t\tgrayscale = min / (1 - chroma);","\t} else {","\t\tgrayscale = 0;","\t}","","\tif (chroma <= 0) {","\t\thue = 0;","\t} else","\tif (max === r) {","\t\thue = ((g - b) / chroma) % 6;","\t} else","\tif (max === g) {","\t\thue = 2 + (b - r) / chroma;","\t} else {","\t\thue = 4 + (r - g) / chroma + 4;","\t}","","\thue /= 6;","\thue %= 1;","","\treturn [hue * 360, chroma * 100, grayscale * 100];","};","","convert.hsl.hcg = function (hsl) {","\tvar s = hsl[1] / 100;","\tvar l = hsl[2] / 100;","\tvar c = 1;","\tvar f = 0;","","\tif (l < 0.5) {","\t\tc = 2.0 * s * l;","\t} else {","\t\tc = 2.0 * s * (1.0 - l);","\t}","","\tif (c < 1.0) {","\t\tf = (l - 0.5 * c) / (1.0 - c);","\t}","","\treturn [hsl[0], c * 100, f * 100];","};","","convert.hsv.hcg = function (hsv) {","\tvar s = hsv[1] / 100;","\tvar v = hsv[2] / 100;","","\tvar c = s * v;","\tvar f = 0;","","\tif (c < 1.0) {","\t\tf = (v - c) / (1 - c);","\t}","","\treturn [hsv[0], c * 100, f * 100];","};","","convert.hcg.rgb = function (hcg) {","\tvar h = hcg[0] / 360;","\tvar c = hcg[1] / 100;","\tvar g = hcg[2] / 100;","","\tif (c === 0.0) {","\t\treturn [g * 255, g * 255, g * 255];","\t}","","\tvar pure = [0, 0, 0];","\tvar hi = (h % 1) * 6;","\tvar v = hi % 1;","\tvar w = 1 - v;","\tvar mg = 0;","","\tswitch (Math.floor(hi)) {","\t\tcase 0:","\t\t\tpure[0] = 1; pure[1] = v; pure[2] = 0; break;","\t\tcase 1:","\t\t\tpure[0] = w; pure[1] = 1; pure[2] = 0; break;","\t\tcase 2:","\t\t\tpure[0] = 0; pure[1] = 1; pure[2] = v; break;","\t\tcase 3:","\t\t\tpure[0] = 0; pure[1] = w; pure[2] = 1; break;","\t\tcase 4:","\t\t\tpure[0] = v; pure[1] = 0; pure[2] = 1; break;","\t\tdefault:","\t\t\tpure[0] = 1; pure[1] = 0; pure[2] = w;","\t}","","\tmg = (1.0 - c) * g;","","\treturn [","\t\t(c * pure[0] + mg) * 255,","\t\t(c * pure[1] + mg) * 255,","\t\t(c * pure[2] + mg) * 255","\t];","};","","convert.hcg.hsv = function (hcg) {","\tvar c = hcg[1] / 100;","\tvar g = hcg[2] / 100;","","\tvar v = c + g * (1.0 - c);","\tvar f = 0;","","\tif (v > 0.0) {","\t\tf = c / v;","\t}","","\treturn [hcg[0], f * 100, v * 100];","};","","convert.hcg.hsl = function (hcg) {","\tvar c = hcg[1] / 100;","\tvar g = hcg[2] / 100;","","\tvar l = g * (1.0 - c) + 0.5 * c;","\tvar s = 0;","","\tif (l > 0.0 && l < 0.5) {","\t\ts = c / (2 * l);","\t} else","\tif (l >= 0.5 && l < 1.0) {","\t\ts = c / (2 * (1 - l));","\t}","","\treturn [hcg[0], s * 100, l * 100];","};","","convert.hcg.hwb = function (hcg) {","\tvar c = hcg[1] / 100;","\tvar g = hcg[2] / 100;","\tvar v = c + g * (1.0 - c);","\treturn [hcg[0], (v - c) * 100, (1 - v) * 100];","};","","convert.hwb.hcg = function (hwb) {","\tvar w = hwb[1] / 100;","\tvar b = hwb[2] / 100;","\tvar v = 1 - b;","\tvar c = v - w;","\tvar g = 0;","","\tif (c < 1) {","\t\tg = (v - c) / (1 - c);","\t}","","\treturn [hwb[0], c * 100, g * 100];","};","","convert.apple.rgb = function (apple) {","\treturn [(apple[0] / 65535) * 255, (apple[1] / 65535) * 255, (apple[2] / 65535) * 255];","};","","convert.rgb.apple = function (rgb) {","\treturn [(rgb[0] / 255) * 65535, (rgb[1] / 255) * 65535, (rgb[2] / 255) * 65535];","};","","convert.gray.rgb = function (args) {","\treturn [args[0] / 100 * 255, args[0] / 100 * 255, args[0] / 100 * 255];","};","","convert.gray.hsl = convert.gray.hsv = function (args) {","\treturn [0, 0, args[0]];","};","","convert.gray.hwb = function (gray) {","\treturn [0, 100, gray[0]];","};","","convert.gray.cmyk = function (gray) {","\treturn [0, 0, 0, gray[0]];","};","","convert.gray.lab = function (gray) {","\treturn [gray[0], 0, 0];","};","","convert.gray.hex = function (gray) {","\tvar val = Math.round(gray[0] / 100 * 255) & 0xFF;","\tvar integer = (val << 16) + (val << 8) + val;","","\tvar string = integer.toString(16).toUpperCase();","\treturn '000000'.substring(string.length) + string;","};","","convert.rgb.gray = function (rgb) {","\tvar val = (rgb[0] + rgb[1] + rgb[2]) / 3;","\treturn [val / 255 * 100];","};",""],"l":{"2":1,"8":1,"9":1,"10":148,"11":148,"15":1,"34":1,"35":15,"36":15,"37":0,"40":15,"41":0,"44":15,"45":0,"48":15,"49":15,"50":15,"51":15,"52":15,"53":15,"57":1,"58":0,"59":0,"60":0,"61":0,"62":0,"63":0,"64":0,"65":0,"66":0,"68":0,"69":0,"70":0,"71":0,"72":0,"73":0,"74":0,"75":0,"78":0,"80":0,"81":0,"84":0,"86":0,"87":0,"88":0,"89":0,"91":0,"94":0,"97":1,"98":0,"99":0,"100":0,"101":0,"102":0,"103":0,"104":0,"105":0,"106":0,"108":0,"109":0,"111":0,"114":0,"115":0,"116":0,"117":0,"118":0,"119":0,"120":0,"121":0,"124":0,"126":0,"127":0,"130":0,"132":0,"135":1,"136":0,"137":0,"138":0,"139":0,"140":0,"142":0,"144":0,"147":1,"148":0,"149":0,"150":0,"151":0,"152":0,"153":0,"154":0,"156":0,"157":0,"158":0,"159":0,"161":0,"167":1,"168":0,"175":1,"176":0,"177":0,"178":0,"181":0,"182":0,"184":0,"185":0,"186":0,"189":0,"192":0,"193":0,"194":0,"199":0,"202":1,"203":0,"206":1,"207":0,"208":0,"209":0,"212":0,"213":0,"214":0,"216":0,"217":0,"218":0,"220":0,"223":1,"224":0,"225":0,"226":0,"227":0,"228":0,"229":0,"230":0,"232":0,"233":0,"234":0,"236":0,"237":0,"238":0,"240":0,"241":0,"242":0,"244":0,"247":1,"248":0,"249":0,"250":0,"251":0,"252":0,"253":0,"254":0,"255":0,"257":0,"258":0,"259":0,"262":0,"263":0,"265":0,"268":0,"270":0,"271":0,"272":0,"273":0,"274":0,"276":0,"277":0,"280":0,"281":0,"282":0,"283":0,"284":0,"285":0,"287":0,"290":0,"293":0,"296":1,"297":0,"298":0,"299":0,"300":0,"301":0,"302":0,"303":0,"305":0,"306":0,"307":0,"308":0,"309":0,"311":0,"314":1,"315":0,"316":0,"317":0,"318":0,"320":0,"321":0,"322":0,"323":0,"324":0,"326":0,"328":0,"330":0,"332":0,"334":0,"336":0,"338":0,"342":1,"343":0,"344":0,"345":0,"346":0,"347":0,"348":0,"349":0,"351":0,"352":0,"353":0,"354":0,"355":0,"356":0,"358":0,"362":1,"363":0,"364":0,"365":0,"366":0,"367":0,"368":0,"369":0,"370":0,"373":0,"374":0,"375":0,"378":0,"379":0,"380":0,"382":0,"383":0,"386":0,"388":0,"389":0,"390":0,"391":0,"394":0,"395":0,"396":0,"397":0,"398":0,"399":0,"402":0,"405":1,"406":0,"407":0,"408":0,"409":0,"410":0,"411":0,"412":0,"414":0,"415":0,"416":0,"418":0,"421":1,"422":0,"423":0,"424":0,"425":0,"426":0,"427":0,"429":0,"430":0,"431":0,"434":0,"438":0,"442":0,"446":0,"447":0,"448":0,"450":0,"453":1,"454":0,"455":0,"456":0,"457":0,"458":0,"459":0,"461":0,"462":0,"463":0,"465":0,"466":0,"467":0,"469":0,"470":0,"471":0,"473":0,"476":1,"477":0,"478":0,"479":0,"480":0,"481":0,"482":0,"484":0,"485":0,"486":0,"488":0,"489":0,"490":0,"491":0,"492":0,"493":0,"495":0,"496":0,"497":0,"499":0,"502":1,"503":0,"504":0,"505":0,"506":0,"507":0,"508":0,"510":0,"511":0,"513":0,"514":0,"517":0,"519":0,"522":1,"523":0,"524":0,"525":0,"526":0,"527":0,"528":0,"530":0,"531":0,"532":0,"534":0,"537":1,"538":0,"539":0,"540":0,"541":0,"543":0,"545":0,"546":0,"549":0,"554":0,"555":0,"558":0,"561":1,"564":0,"567":1,"568":0,"569":0,"570":0,"574":0,"575":0,"576":0,"579":0,"580":0,"583":0,"586":0,"591":0,"594":1,"595":0,"598":0,"599":0,"600":0,"603":0,"605":0,"608":0,"609":0,"610":0,"611":0,"613":0,"616":1,"618":0,"619":0,"620":0,"623":0,"625":0,"626":0,"627":0,"628":0,"630":0,"633":1,"634":0,"638":0,"639":0,"642":1,"643":0,"644":0,"645":0,"648":0,"650":0,"651":0,"652":0,"656":0,"657":0,"658":0,"659":0,"661":0,"664":1,"665":0,"666":0,"667":0,"668":0,"669":0,"670":0,"671":0,"672":0,"674":0,"675":0,"677":0,"680":0,"681":0,"683":0,"684":0,"686":0,"687":0,"689":0,"692":0,"693":0,"695":0,"698":1,"699":0,"700":0,"701":0,"702":0,"704":0,"705":0,"707":0,"710":0,"711":0,"714":0,"717":1,"718":0,"719":0,"721":0,"722":0,"724":0,"725":0,"728":0,"731":1,"732":0,"733":0,"734":0,"736":0,"737":0,"740":0,"741":0,"742":0,"743":0,"744":0,"746":0,"748":0,"750":0,"752":0,"754":0,"756":0,"758":0,"761":0,"763":0,"770":1,"771":0,"772":0,"774":0,"775":0,"777":0,"778":0,"781":0,"784":1,"785":0,"786":0,"788":0,"789":0,"791":0,"792":0,"794":0,"795":0,"798":0,"801":1,"802":0,"803":0,"804":0,"805":0,"808":1,"809":0,"810":0,"811":0,"812":0,"813":0,"815":0,"816":0,"819":0,"822":1,"823":0,"826":1,"827":0,"830":1,"831":0,"834":1,"835":0,"838":1,"839":0,"842":1,"843":0,"846":1,"847":0,"850":1,"851":0,"852":0,"854":0,"855":0,"858":1,"859":0,"860":0}},"/home/travis/build/npmtest/node-npmtest-color-convert/node_modules/color-convert/route.js":{"path":"/home/travis/build/npmtest/node-npmtest-color-convert/node_modules/color-convert/route.js","s":{"1":1,"2":1,"3":1,"4":15,"5":15,"6":225,"7":15,"8":1,"9":15,"10":15,"11":15,"12":15,"13":225,"14":225,"15":225,"16":660,"17":660,"18":660,"19":210,"20":210,"21":210,"22":15,"23":1,"24":210,"25":0,"26":1,"27":210,"28":210,"29":210,"30":210,"31":210,"32":210,"33":210,"34":210,"35":210,"36":1,"37":15,"38":15,"39":15,"40":15,"41":225,"42":225,"43":225,"44":15,"45":210,"46":15},"b":{"1":[210,450],"2":[15,210]},"f":{"1":15,"2":15,"3":210,"4":0,"5":210,"6":15},"fnMap":{"1":{"name":"buildGraph","line":17,"loc":{"start":{"line":17,"column":0},"end":{"line":17,"column":22}}},"2":{"name":"deriveBFS","line":33,"loc":{"start":{"line":33,"column":0},"end":{"line":33,"column":30}}},"3":{"name":"link","line":58,"loc":{"start":{"line":58,"column":0},"end":{"line":58,"column":24}}},"4":{"name":"(anonymous_4)","line":59,"loc":{"start":{"line":59,"column":8},"end":{"line":59,"column":24}}},"5":{"name":"wrapConversion","line":64,"loc":{"start":{"line":64,"column":0},"end":{"line":64,"column":40}}},"6":{"name":"(anonymous_6)","line":79,"loc":{"start":{"line":79,"column":17},"end":{"line":79,"column":38}}}},"statementMap":{"1":{"start":{"line":1,"column":0},"end":{"line":1,"column":43}},"2":{"start":{"line":15,"column":0},"end":{"line":15,"column":38}},"3":{"start":{"line":17,"column":0},"end":{"line":30,"column":1}},"4":{"start":{"line":18,"column":1},"end":{"line":18,"column":16}},"5":{"start":{"line":20,"column":1},"end":{"line":27,"column":2}},"6":{"start":{"line":21,"column":2},"end":{"line":26,"column":4}},"7":{"start":{"line":29,"column":1},"end":{"line":29,"column":14}},"8":{"start":{"line":33,"column":0},"end":{"line":56,"column":1}},"9":{"start":{"line":34,"column":1},"end":{"line":34,"column":26}},"10":{"start":{"line":35,"column":1},"end":{"line":35,"column":25}},"11":{"start":{"line":37,"column":1},"end":{"line":37,"column":31}},"12":{"start":{"line":39,"column":1},"end":{"line":53,"column":2}},"13":{"start":{"line":40,"column":2},"end":{"line":40,"column":28}},"14":{"start":{"line":41,"column":2},"end":{"line":41,"column":52}},"15":{"start":{"line":43,"column":2},"end":{"line":52,"column":3}},"16":{"start":{"line":44,"column":3},"end":{"line":44,"column":31}},"17":{"start":{"line":45,"column":3},"end":{"line":45,"column":30}},"18":{"start":{"line":47,"column":3},"end":{"line":51,"column":4}},"19":{"start":{"line":48,"column":4},"end":{"line":48,"column":48}},"20":{"start":{"line":49,"column":4},"end":{"line":49,"column":26}},"21":{"start":{"line":50,"column":4},"end":{"line":50,"column":28}},"22":{"start":{"line":55,"column":1},"end":{"line":55,"column":14}},"23":{"start":{"line":58,"column":0},"end":{"line":62,"column":1}},"24":{"start":{"line":59,"column":1},"end":{"line":61,"column":3}},"25":{"start":{"line":60,"column":2},"end":{"line":60,"column":24}},"26":{"start":{"line":64,"column":0},"end":{"line":77,"column":1}},"27":{"start":{"line":65,"column":1},"end":{"line":65,"column":45}},"28":{"start":{"line":66,"column":1},"end":{"line":66,"column":54}},"29":{"start":{"line":68,"column":1},"end":{"line":68,"column":33}},"30":{"start":{"line":69,"column":1},"end":{"line":73,"column":2}},"31":{"start":{"line":70,"column":2},"end":{"line":70,"column":34}},"32":{"start":{"line":71,"column":2},"end":{"line":71,"column":53}},"33":{"start":{"line":72,"column":2},"end":{"line":72,"column":26}},"34":{"start":{"line":75,"column":1},"end":{"line":75,"column":22}},"35":{"start":{"line":76,"column":1},"end":{"line":76,"column":11}},"36":{"start":{"line":79,"column":0},"end":{"line":97,"column":2}},"37":{"start":{"line":80,"column":1},"end":{"line":80,"column":34}},"38":{"start":{"line":81,"column":1},"end":{"line":81,"column":21}},"39":{"start":{"line":83,"column":1},"end":{"line":83,"column":33}},"40":{"start":{"line":84,"column":1},"end":{"line":94,"column":2}},"41":{"start":{"line":85,"column":2},"end":{"line":85,"column":26}},"42":{"start":{"line":86,"column":2},"end":{"line":86,"column":28}},"43":{"start":{"line":88,"column":2},"end":{"line":91,"column":3}},"44":{"start":{"line":90,"column":3},"end":{"line":90,"column":12}},"45":{"start":{"line":93,"column":2},"end":{"line":93,"column":55}},"46":{"start":{"line":96,"column":1},"end":{"line":96,"column":19}}},"branchMap":{"1":{"line":47,"type":"if","locations":[{"start":{"line":47,"column":3},"end":{"line":47,"column":3}},{"start":{"line":47,"column":3},"end":{"line":47,"column":3}}]},"2":{"line":88,"type":"if","locations":[{"start":{"line":88,"column":2},"end":{"line":88,"column":2}},{"start":{"line":88,"column":2},"end":{"line":88,"column":2}}]}},"code":["var conversions = require('./conversions');","","/*","\tthis function routes a model to all other models.","","\tall functions that are routed have a property `.conversion` attached","\tto the returned synthetic function. This property is an array","\tof strings, each with the steps in between the 'from' and 'to'","\tcolor models (inclusive).","","\tconversions that are not possible simply are not included.","*/","","// https://jsperf.com/object-keys-vs-for-in-with-closure/3","var models = Object.keys(conversions);","","function buildGraph() {","\tvar graph = {};","","\tfor (var len = models.length, i = 0; i < len; i++) {","\t\tgraph[models[i]] = {","\t\t\t// http://jsperf.com/1-vs-infinity","\t\t\t// micro-opt, but this is simple.","\t\t\tdistance: -1,","\t\t\tparent: null","\t\t};","\t}","","\treturn graph;","}","","// https://en.wikipedia.org/wiki/Breadth-first_search","function deriveBFS(fromModel) {","\tvar graph = buildGraph();","\tvar queue = [fromModel]; // unshift -> queue -> pop","","\tgraph[fromModel].distance = 0;","","\twhile (queue.length) {","\t\tvar current = queue.pop();","\t\tvar adjacents = Object.keys(conversions[current]);","","\t\tfor (var len = adjacents.length, i = 0; i < len; i++) {","\t\t\tvar adjacent = adjacents[i];","\t\t\tvar node = graph[adjacent];","","\t\t\tif (node.distance === -1) {","\t\t\t\tnode.distance = graph[current].distance + 1;","\t\t\t\tnode.parent = current;","\t\t\t\tqueue.unshift(adjacent);","\t\t\t}","\t\t}","\t}","","\treturn graph;","}","","function link(from, to) {","\treturn function (args) {","\t\treturn to(from(args));","\t};","}","","function wrapConversion(toModel, graph) {","\tvar path = [graph[toModel].parent, toModel];","\tvar fn = conversions[graph[toModel].parent][toModel];","","\tvar cur = graph[toModel].parent;","\twhile (graph[cur].parent) {","\t\tpath.unshift(graph[cur].parent);","\t\tfn = link(conversions[graph[cur].parent][cur], fn);","\t\tcur = graph[cur].parent;","\t}","","\tfn.conversion = path;","\treturn fn;","}","","module.exports = function (fromModel) {","\tvar graph = deriveBFS(fromModel);","\tvar conversion = {};","","\tvar models = Object.keys(graph);","\tfor (var len = models.length, i = 0; i < len; i++) {","\t\tvar toModel = models[i];","\t\tvar node = graph[toModel];","","\t\tif (node.parent === null) {","\t\t\t// no possible conversion, or this node is the source model.","\t\t\tcontinue;","\t\t}","","\t\tconversion[toModel] = wrapConversion(toModel, graph);","\t}","","\treturn conversion;","};","",""],"l":{"1":1,"15":1,"17":1,"18":15,"20":15,"21":225,"29":15,"33":1,"34":15,"35":15,"37":15,"39":15,"40":225,"41":225,"43":225,"44":660,"45":660,"47":660,"48":210,"49":210,"50":210,"55":15,"58":1,"59":210,"60":0,"64":1,"65":210,"66":210,"68":210,"69":210,"70":210,"71":210,"72":210,"75":210,"76":210,"79":1,"80":15,"81":15,"83":15,"84":15,"85":225,"86":225,"88":225,"90":15,"93":210,"96":15}}}